[3.573s] Invoking command in '/root/CameraRecord/ASV_AI/ASV_AI/asv_ai_workspace/src/camera_controller': PYTHONPATH=/root/CameraRecord/ASV_AI/ASV_AI/asv_ai_workspace/build/camera_controller/prefix_override:/root/CameraRecord/ASV_AI/ASV_AI/asv_ai_workspace/install/camera_controller/lib/python3.10/site-packages:${PYTHONPATH} /usr/bin/python3 setup.py egg_info --egg-base ../../build/camera_controller build --build-base /root/CameraRecord/ASV_AI/ASV_AI/asv_ai_workspace/build/camera_controller/build install --record /root/CameraRecord/ASV_AI/ASV_AI/asv_ai_workspace/build/camera_controller/install.log --single-version-externally-managed
[4.459s] running egg_info
[4.503s] writing ../../build/camera_controller/camera_controller.egg-info/PKG-INFO
[4.505s] writing dependency_links to ../../build/camera_controller/camera_controller.egg-info/dependency_links.txt
[4.507s] writing entry points to ../../build/camera_controller/camera_controller.egg-info/entry_points.txt
[4.509s] writing requirements to ../../build/camera_controller/camera_controller.egg-info/requires.txt
[4.510s] writing top-level names to ../../build/camera_controller/camera_controller.egg-info/top_level.txt
[4.611s] reading manifest file '../../build/camera_controller/camera_controller.egg-info/SOURCES.txt'
[4.616s] writing manifest file '../../build/camera_controller/camera_controller.egg-info/SOURCES.txt'
[4.618s] running build
[4.618s] running build_py
[4.619s] copying camera_controller/test_tf2.py -> /root/CameraRecord/ASV_AI/ASV_AI/asv_ai_workspace/build/camera_controller/build/lib/camera_controller
[4.623s] copying camera_controller/distance_cells.py -> /root/CameraRecord/ASV_AI/ASV_AI/asv_ai_workspace/build/camera_controller/build/lib/camera_controller
[4.625s] copying camera_controller/camera_node.py -> /root/CameraRecord/ASV_AI/ASV_AI/asv_ai_workspace/build/camera_controller/build/lib/camera_controller
[4.628s] copying camera_controller/globalPoint.py -> /root/CameraRecord/ASV_AI/ASV_AI/asv_ai_workspace/build/camera_controller/build/lib/camera_controller
[4.630s] copying camera_controller/robot_localization.py -> /root/CameraRecord/ASV_AI/ASV_AI/asv_ai_workspace/build/camera_controller/build/lib/camera_controller
[4.631s] copying camera_controller/__init__.py -> /root/CameraRecord/ASV_AI/ASV_AI/asv_ai_workspace/build/camera_controller/build/lib/camera_controller
[4.632s] copying camera_controller/model.py -> /root/CameraRecord/ASV_AI/ASV_AI/asv_ai_workspace/build/camera_controller/build/lib/camera_controller
[4.632s] copying camera_controller/distance_move.py -> /root/CameraRecord/ASV_AI/ASV_AI/asv_ai_workspace/build/camera_controller/build/lib/camera_controller
[4.633s] copying camera_controller/Zed_node.py -> /root/CameraRecord/ASV_AI/ASV_AI/asv_ai_workspace/build/camera_controller/build/lib/camera_controller
[4.633s] running install
[4.633s] /usr/local/lib/python3.10/dist-packages/setuptools/_distutils/cmd.py:66: SetuptoolsDeprecationWarning: setup.py install is deprecated.
[4.634s] !!
[4.634s] 
[4.635s]         ********************************************************************************
[4.635s]         Please avoid running ``setup.py`` directly.
[4.635s]         Instead, use pypa/build, pypa/installer or other
[4.635s]         standards-based tools.
[4.637s] 
[4.637s]         See https://blog.ganssle.io/articles/2021/10/setup-py-deprecated.html for details.
[4.638s]         ********************************************************************************
[4.638s] 
[4.638s] !!
[4.639s]   self.initialize_options()
[4.665s] running install_lib
[4.733s] copying /root/CameraRecord/ASV_AI/ASV_AI/asv_ai_workspace/build/camera_controller/build/lib/camera_controller/model.py -> /root/CameraRecord/ASV_AI/ASV_AI/asv_ai_workspace/install/camera_controller/lib/python3.10/site-packages/camera_controller
[4.738s] byte-compiling /root/CameraRecord/ASV_AI/ASV_AI/asv_ai_workspace/install/camera_controller/lib/python3.10/site-packages/camera_controller/model.py to model.cpython-310.pyc
[4.749s] running install_data
[4.808s] copying resource/camera_controller -> /root/CameraRecord/ASV_AI/ASV_AI/asv_ai_workspace/install/camera_controller/share/ament_index/resource_index/packages
[4.809s] copying package.xml -> /root/CameraRecord/ASV_AI/ASV_AI/asv_ai_workspace/install/camera_controller/share/camera_controller
[4.810s] running install_egg_info
[4.873s] removing '/root/CameraRecord/ASV_AI/ASV_AI/asv_ai_workspace/install/camera_controller/lib/python3.10/site-packages/camera_controller-0.0.0-py3.10.egg-info' (and everything under it)
[4.875s] Copying ../../build/camera_controller/camera_controller.egg-info to /root/CameraRecord/ASV_AI/ASV_AI/asv_ai_workspace/install/camera_controller/lib/python3.10/site-packages/camera_controller-0.0.0-py3.10.egg-info
[4.880s] running install_scripts
[5.463s] Installing Zed_node script to /root/CameraRecord/ASV_AI/ASV_AI/asv_ai_workspace/install/camera_controller/lib/camera_controller
[5.464s] Installing camera_node script to /root/CameraRecord/ASV_AI/ASV_AI/asv_ai_workspace/install/camera_controller/lib/camera_controller
[5.464s] Installing distance_cells script to /root/CameraRecord/ASV_AI/ASV_AI/asv_ai_workspace/install/camera_controller/lib/camera_controller
[5.465s] Installing distance_move script to /root/CameraRecord/ASV_AI/ASV_AI/asv_ai_workspace/install/camera_controller/lib/camera_controller
[5.465s] Installing model script to /root/CameraRecord/ASV_AI/ASV_AI/asv_ai_workspace/install/camera_controller/lib/camera_controller
[5.466s] writing list of installed files to '/root/CameraRecord/ASV_AI/ASV_AI/asv_ai_workspace/build/camera_controller/install.log'
[5.614s] Invoked command in '/root/CameraRecord/ASV_AI/ASV_AI/asv_ai_workspace/src/camera_controller' returned '0': PYTHONPATH=/root/CameraRecord/ASV_AI/ASV_AI/asv_ai_workspace/build/camera_controller/prefix_override:/root/CameraRecord/ASV_AI/ASV_AI/asv_ai_workspace/install/camera_controller/lib/python3.10/site-packages:${PYTHONPATH} /usr/bin/python3 setup.py egg_info --egg-base ../../build/camera_controller build --build-base /root/CameraRecord/ASV_AI/ASV_AI/asv_ai_workspace/build/camera_controller/build install --record /root/CameraRecord/ASV_AI/ASV_AI/asv_ai_workspace/build/camera_controller/install.log --single-version-externally-managed
