[4.853s] DEBUG:colcon:Command line arguments: ['/usr/bin/colcon', 'build']
[4.853s] DEBUG:colcon:Parsed command line arguments: Namespace(log_base=None, log_level=None, verb_name='build', build_base='build', install_base='install', merge_install=False, symlink_install=False, test_result_base=None, continue_on_error=False, executor='parallel', parallel_workers=6, event_handlers=None, ignore_user_meta=False, metas=['./colcon.meta'], base_paths=['.'], packages_ignore=None, packages_ignore_regex=None, paths=None, packages_up_to=None, packages_up_to_regex=None, packages_above=None, packages_above_and_dependencies=None, packages_above_depth=None, packages_select_by_dep=None, packages_skip_by_dep=None, packages_skip_up_to=None, packages_select_build_failed=False, packages_skip_build_finished=False, packages_select_test_failures=False, packages_skip_test_passed=False, packages_select=None, packages_skip=None, packages_select_regex=None, packages_skip_regex=None, packages_start=None, packages_end=None, cmake_args=None, cmake_target=None, cmake_target_skip_unavailable=False, cmake_clean_cache=False, cmake_clean_first=False, cmake_force_configure=False, ament_cmake_args=None, catkin_cmake_args=None, catkin_skip_building_tests=False, mixin_files=None, mixin=None, verb_parser=<colcon_mixin.mixin.mixin_argument.MixinArgumentDecorator object at 0x7f8a3cbd60>, verb_extension=<colcon_core.verb.build.BuildVerb object at 0x7f8a3cb7f0>, main=<bound method BuildVerb.main of <colcon_core.verb.build.BuildVerb object at 0x7f8a3cb7f0>>, mixin_verb=('build',))
[5.136s] Level 1:colcon.colcon_core.package_discovery:discover_packages(colcon_meta) check parameters
[5.140s] INFO:colcon.colcon_metadata.package_discovery.colcon_meta:Using configuration from '/root/.colcon/metadata/default/Gazebo.meta'
[5.143s] INFO:colcon.colcon_metadata.package_discovery.colcon_meta:Using configuration from '/root/.colcon/metadata/default/fastrtps.meta'
[5.144s] Level 1:colcon.colcon_core.package_discovery:discover_packages(recursive) check parameters
[5.144s] Level 1:colcon.colcon_core.package_discovery:discover_packages(ignore) check parameters
[5.144s] Level 1:colcon.colcon_core.package_discovery:discover_packages(path) check parameters
[5.144s] Level 1:colcon.colcon_core.package_discovery:discover_packages(colcon_meta) discover
[5.145s] Level 1:colcon.colcon_core.package_discovery:discover_packages(recursive) discover
[5.145s] INFO:colcon.colcon_core.package_discovery:Crawling recursively for packages in '/root/CameraRecord/ASV_AI/ASV_AI/asv_ai_workspace'
[5.146s] Level 1:colcon.colcon_core.package_identification:_identify(.) by extensions ['ignore', 'ignore_ament_install']
[5.147s] Level 1:colcon.colcon_core.package_identification:_identify(.) by extension 'ignore'
[5.147s] Level 1:colcon.colcon_core.package_identification:_identify(.) by extension 'ignore_ament_install'
[5.148s] Level 1:colcon.colcon_core.package_identification:_identify(.) by extensions ['colcon_pkg']
[5.148s] Level 1:colcon.colcon_core.package_identification:_identify(.) by extension 'colcon_pkg'
[5.149s] Level 1:colcon.colcon_core.package_identification:_identify(.) by extensions ['colcon_meta']
[5.149s] Level 1:colcon.colcon_core.package_identification:_identify(.) by extension 'colcon_meta'
[5.149s] Level 1:colcon.colcon_core.package_identification:_identify(.) by extensions ['ros']
[5.150s] Level 1:colcon.colcon_core.package_identification:_identify(.) by extension 'ros'
[5.249s] Level 1:colcon.colcon_core.package_identification:_identify(.) by extensions ['cmake', 'python']
[5.249s] Level 1:colcon.colcon_core.package_identification:_identify(.) by extension 'cmake'
[5.250s] Level 1:colcon.colcon_core.package_identification:_identify(.) by extension 'python'
[5.250s] Level 1:colcon.colcon_core.package_identification:_identify(.) by extensions ['python_setup_py']
[5.250s] Level 1:colcon.colcon_core.package_identification:_identify(.) by extension 'python_setup_py'
[5.251s] Level 1:colcon.colcon_core.package_identification:_identify(build) by extensions ['ignore', 'ignore_ament_install']
[5.251s] Level 1:colcon.colcon_core.package_identification:_identify(build) by extension 'ignore'
[5.252s] Level 1:colcon.colcon_core.package_identification:_identify(build) ignored
[5.252s] Level 1:colcon.colcon_core.package_identification:_identify(install) by extensions ['ignore', 'ignore_ament_install']
[5.254s] Level 1:colcon.colcon_core.package_identification:_identify(install) by extension 'ignore'
[5.254s] Level 1:colcon.colcon_core.package_identification:_identify(install) ignored
[5.255s] Level 1:colcon.colcon_core.package_identification:_identify(log) by extensions ['ignore', 'ignore_ament_install']
[5.255s] Level 1:colcon.colcon_core.package_identification:_identify(log) by extension 'ignore'
[5.256s] Level 1:colcon.colcon_core.package_identification:_identify(log) ignored
[5.256s] Level 1:colcon.colcon_core.package_identification:_identify(src) by extensions ['ignore', 'ignore_ament_install']
[5.257s] Level 1:colcon.colcon_core.package_identification:_identify(src) by extension 'ignore'
[5.257s] Level 1:colcon.colcon_core.package_identification:_identify(src) by extension 'ignore_ament_install'
[5.257s] Level 1:colcon.colcon_core.package_identification:_identify(src) by extensions ['colcon_pkg']
[5.257s] Level 1:colcon.colcon_core.package_identification:_identify(src) by extension 'colcon_pkg'
[5.258s] Level 1:colcon.colcon_core.package_identification:_identify(src) by extensions ['colcon_meta']
[5.258s] Level 1:colcon.colcon_core.package_identification:_identify(src) by extension 'colcon_meta'
[5.258s] Level 1:colcon.colcon_core.package_identification:_identify(src) by extensions ['ros']
[5.258s] Level 1:colcon.colcon_core.package_identification:_identify(src) by extension 'ros'
[5.259s] Level 1:colcon.colcon_core.package_identification:_identify(src) by extensions ['cmake', 'python']
[5.259s] Level 1:colcon.colcon_core.package_identification:_identify(src) by extension 'cmake'
[5.259s] Level 1:colcon.colcon_core.package_identification:_identify(src) by extension 'python'
[5.259s] Level 1:colcon.colcon_core.package_identification:_identify(src) by extensions ['python_setup_py']
[5.260s] Level 1:colcon.colcon_core.package_identification:_identify(src) by extension 'python_setup_py'
[5.260s] Level 1:colcon.colcon_core.package_identification:_identify(src/camera_controller) by extensions ['ignore', 'ignore_ament_install']
[5.261s] Level 1:colcon.colcon_core.package_identification:_identify(src/camera_controller) by extension 'ignore'
[5.261s] Level 1:colcon.colcon_core.package_identification:_identify(src/camera_controller) by extension 'ignore_ament_install'
[5.261s] Level 1:colcon.colcon_core.package_identification:_identify(src/camera_controller) by extensions ['colcon_pkg']
[5.262s] Level 1:colcon.colcon_core.package_identification:_identify(src/camera_controller) by extension 'colcon_pkg'
[5.262s] Level 1:colcon.colcon_core.package_identification:_identify(src/camera_controller) by extensions ['colcon_meta']
[5.262s] Level 1:colcon.colcon_core.package_identification:_identify(src/camera_controller) by extension 'colcon_meta'
[5.262s] Level 1:colcon.colcon_core.package_identification:_identify(src/camera_controller) by extensions ['ros']
[5.263s] Level 1:colcon.colcon_core.package_identification:_identify(src/camera_controller) by extension 'ros'
[5.280s] DEBUG:colcon.colcon_core.package_identification:Package 'src/camera_controller' with type 'ros.ament_python' and name 'camera_controller'
[5.281s] Level 1:colcon.colcon_core.package_discovery:discover_packages(recursive) using defaults
[5.281s] Level 1:colcon.colcon_core.package_discovery:discover_packages(ignore) discover
[5.282s] Level 1:colcon.colcon_core.package_discovery:discover_packages(ignore) using defaults
[5.282s] Level 1:colcon.colcon_core.package_discovery:discover_packages(path) discover
[5.282s] Level 1:colcon.colcon_core.package_discovery:discover_packages(path) using defaults
[5.613s] Level 5:colcon.colcon_core.verb:set package 'camera_controller' build argument 'cmake_args' from command line to 'None'
[5.613s] Level 5:colcon.colcon_core.verb:set package 'camera_controller' build argument 'cmake_target' from command line to 'None'
[5.613s] Level 5:colcon.colcon_core.verb:set package 'camera_controller' build argument 'cmake_target_skip_unavailable' from command line to 'False'
[5.614s] Level 5:colcon.colcon_core.verb:set package 'camera_controller' build argument 'cmake_clean_cache' from command line to 'False'
[5.614s] Level 5:colcon.colcon_core.verb:set package 'camera_controller' build argument 'cmake_clean_first' from command line to 'False'
[5.614s] Level 5:colcon.colcon_core.verb:set package 'camera_controller' build argument 'cmake_force_configure' from command line to 'False'
[5.614s] Level 5:colcon.colcon_core.verb:set package 'camera_controller' build argument 'ament_cmake_args' from command line to 'None'
[5.614s] Level 5:colcon.colcon_core.verb:set package 'camera_controller' build argument 'catkin_cmake_args' from command line to 'None'
[5.614s] Level 5:colcon.colcon_core.verb:set package 'camera_controller' build argument 'catkin_skip_building_tests' from command line to 'False'
[5.614s] DEBUG:colcon.colcon_core.verb:Building package 'camera_controller' with the following arguments: {'ament_cmake_args': None, 'build_base': '/root/CameraRecord/ASV_AI/ASV_AI/asv_ai_workspace/build/camera_controller', 'catkin_cmake_args': None, 'catkin_skip_building_tests': False, 'cmake_args': None, 'cmake_clean_cache': False, 'cmake_clean_first': False, 'cmake_force_configure': False, 'cmake_target': None, 'cmake_target_skip_unavailable': False, 'install_base': '/root/CameraRecord/ASV_AI/ASV_AI/asv_ai_workspace/install/camera_controller', 'merge_install': False, 'path': '/root/CameraRecord/ASV_AI/ASV_AI/asv_ai_workspace/src/camera_controller', 'symlink_install': False, 'test_result_base': None}
[5.667s] INFO:colcon.colcon_core.executor:Executing jobs using 'parallel' executor
[5.728s] DEBUG:colcon.colcon_parallel_executor.executor.parallel:run_until_complete
[5.729s] INFO:colcon.colcon_ros.task.ament_python.build:Building ROS package in '/root/CameraRecord/ASV_AI/ASV_AI/asv_ai_workspace/src/camera_controller' with build type 'ament_python'
[5.731s] Level 1:colcon.colcon_core.shell:create_environment_hook('camera_controller', 'ament_prefix_path')
[5.803s] INFO:colcon.colcon_core.plugin_system:Skipping extension 'colcon_core.shell.bat': Not used on non-Windows systems
[5.804s] INFO:colcon.colcon_core.shell:Creating environment hook '/root/CameraRecord/ASV_AI/ASV_AI/asv_ai_workspace/install/camera_controller/share/camera_controller/hook/ament_prefix_path.ps1'
[5.807s] INFO:colcon.colcon_core.shell:Creating environment descriptor '/root/CameraRecord/ASV_AI/ASV_AI/asv_ai_workspace/install/camera_controller/share/camera_controller/hook/ament_prefix_path.dsv'
[5.810s] INFO:colcon.colcon_core.shell:Creating environment hook '/root/CameraRecord/ASV_AI/ASV_AI/asv_ai_workspace/install/camera_controller/share/camera_controller/hook/ament_prefix_path.sh'
[5.871s] INFO:colcon.colcon_core.shell:Skip shell extension 'powershell' for command environment: Not usable outside of PowerShell
[5.871s] DEBUG:colcon.colcon_core.shell:Skip shell extension 'dsv' for command environment
[7.036s] INFO:colcon.colcon_core.task.python.build:Building Python package in '/root/CameraRecord/ASV_AI/ASV_AI/asv_ai_workspace/src/camera_controller'
[7.094s] INFO:colcon.colcon_core.shell:Skip shell extension 'powershell' for command environment: Not usable outside of PowerShell
[7.095s] DEBUG:colcon.colcon_core.shell:Skip shell extension 'dsv' for command environment
[9.671s] DEBUG:colcon.colcon_core.event_handler.log_command:Invoking command in '/root/CameraRecord/ASV_AI/ASV_AI/asv_ai_workspace/src/camera_controller': PYTHONPATH=/root/CameraRecord/ASV_AI/ASV_AI/asv_ai_workspace/build/camera_controller/prefix_override:/root/CameraRecord/ASV_AI/ASV_AI/asv_ai_workspace/install/camera_controller/lib/python3.10/site-packages:${PYTHONPATH} /usr/bin/python3 setup.py egg_info --egg-base ../../build/camera_controller build --build-base /root/CameraRecord/ASV_AI/ASV_AI/asv_ai_workspace/build/camera_controller/build install --record /root/CameraRecord/ASV_AI/ASV_AI/asv_ai_workspace/build/camera_controller/install.log --single-version-externally-managed
[11.574s] DEBUG:colcon.colcon_core.event_handler.log_command:Invoked command in '/root/CameraRecord/ASV_AI/ASV_AI/asv_ai_workspace/src/camera_controller' returned '0': PYTHONPATH=/root/CameraRecord/ASV_AI/ASV_AI/asv_ai_workspace/build/camera_controller/prefix_override:/root/CameraRecord/ASV_AI/ASV_AI/asv_ai_workspace/install/camera_controller/lib/python3.10/site-packages:${PYTHONPATH} /usr/bin/python3 setup.py egg_info --egg-base ../../build/camera_controller build --build-base /root/CameraRecord/ASV_AI/ASV_AI/asv_ai_workspace/build/camera_controller/build install --record /root/CameraRecord/ASV_AI/ASV_AI/asv_ai_workspace/build/camera_controller/install.log --single-version-externally-managed
[11.638s] Level 1:colcon.colcon_core.environment:checking '/root/CameraRecord/ASV_AI/ASV_AI/asv_ai_workspace/install/camera_controller' for CMake module files
[11.640s] Level 1:colcon.colcon_core.environment:checking '/root/CameraRecord/ASV_AI/ASV_AI/asv_ai_workspace/install/camera_controller' for CMake config files
[11.644s] Level 1:colcon.colcon_core.environment:checking '/root/CameraRecord/ASV_AI/ASV_AI/asv_ai_workspace/install/camera_controller/lib'
[11.644s] Level 1:colcon.colcon_core.environment:checking '/root/CameraRecord/ASV_AI/ASV_AI/asv_ai_workspace/install/camera_controller/bin'
[11.645s] Level 1:colcon.colcon_core.environment:checking '/root/CameraRecord/ASV_AI/ASV_AI/asv_ai_workspace/install/camera_controller/lib/pkgconfig/camera_controller.pc'
[11.646s] Level 1:colcon.colcon_core.environment:checking '/root/CameraRecord/ASV_AI/ASV_AI/asv_ai_workspace/install/camera_controller/lib/python3.10/site-packages'
[11.647s] Level 1:colcon.colcon_core.shell:create_environment_hook('camera_controller', 'pythonpath')
[11.702s] INFO:colcon.colcon_core.shell:Creating environment hook '/root/CameraRecord/ASV_AI/ASV_AI/asv_ai_workspace/install/camera_controller/share/camera_controller/hook/pythonpath.ps1'
[11.704s] INFO:colcon.colcon_core.shell:Creating environment descriptor '/root/CameraRecord/ASV_AI/ASV_AI/asv_ai_workspace/install/camera_controller/share/camera_controller/hook/pythonpath.dsv'
[11.706s] INFO:colcon.colcon_core.shell:Creating environment hook '/root/CameraRecord/ASV_AI/ASV_AI/asv_ai_workspace/install/camera_controller/share/camera_controller/hook/pythonpath.sh'
[11.708s] Level 1:colcon.colcon_core.environment:checking '/root/CameraRecord/ASV_AI/ASV_AI/asv_ai_workspace/install/camera_controller/bin'
[11.709s] Level 1:colcon.colcon_core.environment:create_environment_scripts_only(camera_controller)
[11.764s] INFO:colcon.colcon_core.shell:Creating package script '/root/CameraRecord/ASV_AI/ASV_AI/asv_ai_workspace/install/camera_controller/share/camera_controller/package.ps1'
[11.769s] INFO:colcon.colcon_core.shell:Creating package descriptor '/root/CameraRecord/ASV_AI/ASV_AI/asv_ai_workspace/install/camera_controller/share/camera_controller/package.dsv'
[11.772s] INFO:colcon.colcon_core.shell:Creating package script '/root/CameraRecord/ASV_AI/ASV_AI/asv_ai_workspace/install/camera_controller/share/camera_controller/package.sh'
[11.775s] INFO:colcon.colcon_core.shell:Creating package script '/root/CameraRecord/ASV_AI/ASV_AI/asv_ai_workspace/install/camera_controller/share/camera_controller/package.bash'
[11.779s] INFO:colcon.colcon_core.shell:Creating package script '/root/CameraRecord/ASV_AI/ASV_AI/asv_ai_workspace/install/camera_controller/share/camera_controller/package.zsh'
[11.783s] Level 1:colcon.colcon_core.environment:create_file_with_runtime_dependencies(/root/CameraRecord/ASV_AI/ASV_AI/asv_ai_workspace/install/camera_controller/share/colcon-core/packages/camera_controller)
[11.788s] DEBUG:colcon.colcon_parallel_executor.executor.parallel:closing loop
[11.789s] DEBUG:colcon.colcon_parallel_executor.executor.parallel:loop closed
[11.791s] DEBUG:colcon.colcon_parallel_executor.executor.parallel:run_until_complete finished with '0'
[11.791s] DEBUG:colcon.colcon_core.event_reactor:joining thread
[11.884s] INFO:colcon.colcon_core.plugin_system:Skipping extension 'colcon_notification.desktop_notification.notify_send': Could not find 'notify-send'
[11.885s] INFO:colcon.colcon_core.plugin_system:Skipping extension 'colcon_notification.desktop_notification.terminal_notifier': Not used on non-Darwin systems
[11.885s] INFO:colcon.colcon_core.plugin_system:Skipping extension 'colcon_notification.desktop_notification.win32': Not used on non-Windows systems
[11.885s] INFO:colcon.colcon_notification.desktop_notification:Sending desktop notification using 'notify2'
[11.894s] DEBUG:colcon.colcon_notification.desktop_notification.notify2:Failed to initialize notify2: org.freedesktop.DBus.Error.Spawn.ExecFailed: /usr/bin/dbus-launch terminated abnormally without any error message
[11.896s] DEBUG:colcon.colcon_core.event_reactor:joined thread
[11.966s] INFO:colcon.colcon_core.shell:Creating prefix script '/root/CameraRecord/ASV_AI/ASV_AI/asv_ai_workspace/install/local_setup.ps1'
[11.972s] INFO:colcon.colcon_core.shell:Creating prefix util module '/root/CameraRecord/ASV_AI/ASV_AI/asv_ai_workspace/install/_local_setup_util_ps1.py'
[11.979s] INFO:colcon.colcon_core.shell:Creating prefix chain script '/root/CameraRecord/ASV_AI/ASV_AI/asv_ai_workspace/install/setup.ps1'
[12.035s] INFO:colcon.colcon_core.shell:Creating prefix script '/root/CameraRecord/ASV_AI/ASV_AI/asv_ai_workspace/install/local_setup.sh'
[12.038s] INFO:colcon.colcon_core.shell:Creating prefix util module '/root/CameraRecord/ASV_AI/ASV_AI/asv_ai_workspace/install/_local_setup_util_sh.py'
[12.042s] INFO:colcon.colcon_core.shell:Creating prefix chain script '/root/CameraRecord/ASV_AI/ASV_AI/asv_ai_workspace/install/setup.sh'
[12.096s] INFO:colcon.colcon_core.shell:Creating prefix script '/root/CameraRecord/ASV_AI/ASV_AI/asv_ai_workspace/install/local_setup.bash'
[12.100s] INFO:colcon.colcon_core.shell:Creating prefix chain script '/root/CameraRecord/ASV_AI/ASV_AI/asv_ai_workspace/install/setup.bash'
[12.151s] INFO:colcon.colcon_core.shell:Creating prefix script '/root/CameraRecord/ASV_AI/ASV_AI/asv_ai_workspace/install/local_setup.zsh'
[12.153s] INFO:colcon.colcon_core.shell:Creating prefix chain script '/root/CameraRecord/ASV_AI/ASV_AI/asv_ai_workspace/install/setup.zsh'
