[4.317s] DEBUG:colcon:Command line arguments: ['/usr/bin/colcon', 'build']
[4.317s] DEBUG:colcon:Parsed command line arguments: Namespace(log_base=None, log_level=None, verb_name='build', build_base='build', install_base='install', merge_install=False, symlink_install=False, test_result_base=None, continue_on_error=False, executor='parallel', parallel_workers=6, event_handlers=None, ignore_user_meta=False, metas=['./colcon.meta'], base_paths=['.'], packages_ignore=None, packages_ignore_regex=None, paths=None, packages_up_to=None, packages_up_to_regex=None, packages_above=None, packages_above_and_dependencies=None, packages_above_depth=None, packages_select_by_dep=None, packages_skip_by_dep=None, packages_skip_up_to=None, packages_select_build_failed=False, packages_skip_build_finished=False, packages_select_test_failures=False, packages_skip_test_passed=False, packages_select=None, packages_skip=None, packages_select_regex=None, packages_skip_regex=None, packages_start=None, packages_end=None, cmake_args=None, cmake_target=None, cmake_target_skip_unavailable=False, cmake_clean_cache=False, cmake_clean_first=False, cmake_force_configure=False, ament_cmake_args=None, catkin_cmake_args=None, catkin_skip_building_tests=False, mixin_files=None, mixin=None, verb_parser=<colcon_mixin.mixin.mixin_argument.MixinArgumentDecorator object at 0x7f7dd9fdc0>, verb_extension=<colcon_core.verb.build.BuildVerb object at 0x7f7dd9f850>, main=<bound method BuildVerb.main of <colcon_core.verb.build.BuildVerb object at 0x7f7dd9f850>>, mixin_verb=('build',))
[4.542s] Level 1:colcon.colcon_core.package_discovery:discover_packages(colcon_meta) check parameters
[4.545s] INFO:colcon.colcon_metadata.package_discovery.colcon_meta:Using configuration from '/root/.colcon/metadata/default/Gazebo.meta'
[4.548s] INFO:colcon.colcon_metadata.package_discovery.colcon_meta:Using configuration from '/root/.colcon/metadata/default/fastrtps.meta'
[4.548s] Level 1:colcon.colcon_core.package_discovery:discover_packages(recursive) check parameters
[4.548s] Level 1:colcon.colcon_core.package_discovery:discover_packages(ignore) check parameters
[4.548s] Level 1:colcon.colcon_core.package_discovery:discover_packages(path) check parameters
[4.548s] Level 1:colcon.colcon_core.package_discovery:discover_packages(colcon_meta) discover
[4.549s] Level 1:colcon.colcon_core.package_discovery:discover_packages(recursive) discover
[4.549s] INFO:colcon.colcon_core.package_discovery:Crawling recursively for packages in '/root/CameraRecord/ASV_AI/ASV_AI/asv_ai_workspace'
[4.550s] Level 1:colcon.colcon_core.package_identification:_identify(.) by extensions ['ignore', 'ignore_ament_install']
[4.550s] Level 1:colcon.colcon_core.package_identification:_identify(.) by extension 'ignore'
[4.550s] Level 1:colcon.colcon_core.package_identification:_identify(.) by extension 'ignore_ament_install'
[4.551s] Level 1:colcon.colcon_core.package_identification:_identify(.) by extensions ['colcon_pkg']
[4.551s] Level 1:colcon.colcon_core.package_identification:_identify(.) by extension 'colcon_pkg'
[4.551s] Level 1:colcon.colcon_core.package_identification:_identify(.) by extensions ['colcon_meta']
[4.551s] Level 1:colcon.colcon_core.package_identification:_identify(.) by extension 'colcon_meta'
[4.551s] Level 1:colcon.colcon_core.package_identification:_identify(.) by extensions ['ros']
[4.552s] Level 1:colcon.colcon_core.package_identification:_identify(.) by extension 'ros'
[4.627s] Level 1:colcon.colcon_core.package_identification:_identify(.) by extensions ['cmake', 'python']
[4.627s] Level 1:colcon.colcon_core.package_identification:_identify(.) by extension 'cmake'
[4.627s] Level 1:colcon.colcon_core.package_identification:_identify(.) by extension 'python'
[4.628s] Level 1:colcon.colcon_core.package_identification:_identify(.) by extensions ['python_setup_py']
[4.628s] Level 1:colcon.colcon_core.package_identification:_identify(.) by extension 'python_setup_py'
[4.628s] Level 1:colcon.colcon_core.package_identification:_identify(build) by extensions ['ignore', 'ignore_ament_install']
[4.629s] Level 1:colcon.colcon_core.package_identification:_identify(build) by extension 'ignore'
[4.629s] Level 1:colcon.colcon_core.package_identification:_identify(build) ignored
[4.630s] Level 1:colcon.colcon_core.package_identification:_identify(install) by extensions ['ignore', 'ignore_ament_install']
[4.631s] Level 1:colcon.colcon_core.package_identification:_identify(install) by extension 'ignore'
[4.631s] Level 1:colcon.colcon_core.package_identification:_identify(install) ignored
[4.632s] Level 1:colcon.colcon_core.package_identification:_identify(log) by extensions ['ignore', 'ignore_ament_install']
[4.632s] Level 1:colcon.colcon_core.package_identification:_identify(log) by extension 'ignore'
[4.632s] Level 1:colcon.colcon_core.package_identification:_identify(log) ignored
[4.633s] Level 1:colcon.colcon_core.package_identification:_identify(src) by extensions ['ignore', 'ignore_ament_install']
[4.633s] Level 1:colcon.colcon_core.package_identification:_identify(src) by extension 'ignore'
[4.634s] Level 1:colcon.colcon_core.package_identification:_identify(src) by extension 'ignore_ament_install'
[4.634s] Level 1:colcon.colcon_core.package_identification:_identify(src) by extensions ['colcon_pkg']
[4.634s] Level 1:colcon.colcon_core.package_identification:_identify(src) by extension 'colcon_pkg'
[4.635s] Level 1:colcon.colcon_core.package_identification:_identify(src) by extensions ['colcon_meta']
[4.635s] Level 1:colcon.colcon_core.package_identification:_identify(src) by extension 'colcon_meta'
[4.635s] Level 1:colcon.colcon_core.package_identification:_identify(src) by extensions ['ros']
[4.635s] Level 1:colcon.colcon_core.package_identification:_identify(src) by extension 'ros'
[4.636s] Level 1:colcon.colcon_core.package_identification:_identify(src) by extensions ['cmake', 'python']
[4.636s] Level 1:colcon.colcon_core.package_identification:_identify(src) by extension 'cmake'
[4.636s] Level 1:colcon.colcon_core.package_identification:_identify(src) by extension 'python'
[4.636s] Level 1:colcon.colcon_core.package_identification:_identify(src) by extensions ['python_setup_py']
[4.636s] Level 1:colcon.colcon_core.package_identification:_identify(src) by extension 'python_setup_py'
[4.637s] Level 1:colcon.colcon_core.package_identification:_identify(src/camera_controller) by extensions ['ignore', 'ignore_ament_install']
[4.637s] Level 1:colcon.colcon_core.package_identification:_identify(src/camera_controller) by extension 'ignore'
[4.638s] Level 1:colcon.colcon_core.package_identification:_identify(src/camera_controller) by extension 'ignore_ament_install'
[4.638s] Level 1:colcon.colcon_core.package_identification:_identify(src/camera_controller) by extensions ['colcon_pkg']
[4.638s] Level 1:colcon.colcon_core.package_identification:_identify(src/camera_controller) by extension 'colcon_pkg'
[4.638s] Level 1:colcon.colcon_core.package_identification:_identify(src/camera_controller) by extensions ['colcon_meta']
[4.638s] Level 1:colcon.colcon_core.package_identification:_identify(src/camera_controller) by extension 'colcon_meta'
[4.639s] Level 1:colcon.colcon_core.package_identification:_identify(src/camera_controller) by extensions ['ros']
[4.639s] Level 1:colcon.colcon_core.package_identification:_identify(src/camera_controller) by extension 'ros'
[4.650s] DEBUG:colcon.colcon_core.package_identification:Package 'src/camera_controller' with type 'ros.ament_python' and name 'camera_controller'
[4.651s] Level 1:colcon.colcon_core.package_discovery:discover_packages(recursive) using defaults
[4.651s] Level 1:colcon.colcon_core.package_discovery:discover_packages(ignore) discover
[4.651s] Level 1:colcon.colcon_core.package_discovery:discover_packages(ignore) using defaults
[4.651s] Level 1:colcon.colcon_core.package_discovery:discover_packages(path) discover
[4.652s] Level 1:colcon.colcon_core.package_discovery:discover_packages(path) using defaults
[4.935s] Level 5:colcon.colcon_core.verb:set package 'camera_controller' build argument 'cmake_args' from command line to 'None'
[4.936s] Level 5:colcon.colcon_core.verb:set package 'camera_controller' build argument 'cmake_target' from command line to 'None'
[4.936s] Level 5:colcon.colcon_core.verb:set package 'camera_controller' build argument 'cmake_target_skip_unavailable' from command line to 'False'
[4.936s] Level 5:colcon.colcon_core.verb:set package 'camera_controller' build argument 'cmake_clean_cache' from command line to 'False'
[4.936s] Level 5:colcon.colcon_core.verb:set package 'camera_controller' build argument 'cmake_clean_first' from command line to 'False'
[4.936s] Level 5:colcon.colcon_core.verb:set package 'camera_controller' build argument 'cmake_force_configure' from command line to 'False'
[4.937s] Level 5:colcon.colcon_core.verb:set package 'camera_controller' build argument 'ament_cmake_args' from command line to 'None'
[4.937s] Level 5:colcon.colcon_core.verb:set package 'camera_controller' build argument 'catkin_cmake_args' from command line to 'None'
[4.937s] Level 5:colcon.colcon_core.verb:set package 'camera_controller' build argument 'catkin_skip_building_tests' from command line to 'False'
[4.937s] DEBUG:colcon.colcon_core.verb:Building package 'camera_controller' with the following arguments: {'ament_cmake_args': None, 'build_base': '/root/CameraRecord/ASV_AI/ASV_AI/asv_ai_workspace/build/camera_controller', 'catkin_cmake_args': None, 'catkin_skip_building_tests': False, 'cmake_args': None, 'cmake_clean_cache': False, 'cmake_clean_first': False, 'cmake_force_configure': False, 'cmake_target': None, 'cmake_target_skip_unavailable': False, 'install_base': '/root/CameraRecord/ASV_AI/ASV_AI/asv_ai_workspace/install/camera_controller', 'merge_install': False, 'path': '/root/CameraRecord/ASV_AI/ASV_AI/asv_ai_workspace/src/camera_controller', 'symlink_install': False, 'test_result_base': None}
[4.983s] INFO:colcon.colcon_core.executor:Executing jobs using 'parallel' executor
[5.032s] DEBUG:colcon.colcon_parallel_executor.executor.parallel:run_until_complete
[5.034s] INFO:colcon.colcon_ros.task.ament_python.build:Building ROS package in '/root/CameraRecord/ASV_AI/ASV_AI/asv_ai_workspace/src/camera_controller' with build type 'ament_python'
[5.035s] Level 1:colcon.colcon_core.shell:create_environment_hook('camera_controller', 'ament_prefix_path')
[5.094s] INFO:colcon.colcon_core.plugin_system:Skipping extension 'colcon_core.shell.bat': Not used on non-Windows systems
[5.096s] INFO:colcon.colcon_core.shell:Creating environment hook '/root/CameraRecord/ASV_AI/ASV_AI/asv_ai_workspace/install/camera_controller/share/camera_controller/hook/ament_prefix_path.ps1'
[5.100s] INFO:colcon.colcon_core.shell:Creating environment descriptor '/root/CameraRecord/ASV_AI/ASV_AI/asv_ai_workspace/install/camera_controller/share/camera_controller/hook/ament_prefix_path.dsv'
[5.104s] INFO:colcon.colcon_core.shell:Creating environment hook '/root/CameraRecord/ASV_AI/ASV_AI/asv_ai_workspace/install/camera_controller/share/camera_controller/hook/ament_prefix_path.sh'
[5.158s] INFO:colcon.colcon_core.shell:Skip shell extension 'powershell' for command environment: Not usable outside of PowerShell
[5.159s] DEBUG:colcon.colcon_core.shell:Skip shell extension 'dsv' for command environment
[6.233s] INFO:colcon.colcon_core.task.python.build:Building Python package in '/root/CameraRecord/ASV_AI/ASV_AI/asv_ai_workspace/src/camera_controller'
[6.299s] INFO:colcon.colcon_core.shell:Skip shell extension 'powershell' for command environment: Not usable outside of PowerShell
[6.300s] DEBUG:colcon.colcon_core.shell:Skip shell extension 'dsv' for command environment
[8.449s] DEBUG:colcon.colcon_core.event_handler.log_command:Invoking command in '/root/CameraRecord/ASV_AI/ASV_AI/asv_ai_workspace/src/camera_controller': PYTHONPATH=/root/CameraRecord/ASV_AI/ASV_AI/asv_ai_workspace/build/camera_controller/prefix_override:/root/CameraRecord/ASV_AI/ASV_AI/asv_ai_workspace/install/camera_controller/lib/python3.10/site-packages:${PYTHONPATH} /usr/bin/python3 setup.py egg_info --egg-base ../../build/camera_controller build --build-base /root/CameraRecord/ASV_AI/ASV_AI/asv_ai_workspace/build/camera_controller/build install --record /root/CameraRecord/ASV_AI/ASV_AI/asv_ai_workspace/build/camera_controller/install.log --single-version-externally-managed
[10.332s] DEBUG:colcon.colcon_core.event_handler.log_command:Invoked command in '/root/CameraRecord/ASV_AI/ASV_AI/asv_ai_workspace/src/camera_controller' returned '0': PYTHONPATH=/root/CameraRecord/ASV_AI/ASV_AI/asv_ai_workspace/build/camera_controller/prefix_override:/root/CameraRecord/ASV_AI/ASV_AI/asv_ai_workspace/install/camera_controller/lib/python3.10/site-packages:${PYTHONPATH} /usr/bin/python3 setup.py egg_info --egg-base ../../build/camera_controller build --build-base /root/CameraRecord/ASV_AI/ASV_AI/asv_ai_workspace/build/camera_controller/build install --record /root/CameraRecord/ASV_AI/ASV_AI/asv_ai_workspace/build/camera_controller/install.log --single-version-externally-managed
[10.409s] Level 1:colcon.colcon_core.environment:checking '/root/CameraRecord/ASV_AI/ASV_AI/asv_ai_workspace/install/camera_controller' for CMake module files
[10.411s] Level 1:colcon.colcon_core.environment:checking '/root/CameraRecord/ASV_AI/ASV_AI/asv_ai_workspace/install/camera_controller' for CMake config files
[10.415s] Level 1:colcon.colcon_core.environment:checking '/root/CameraRecord/ASV_AI/ASV_AI/asv_ai_workspace/install/camera_controller/lib'
[10.417s] Level 1:colcon.colcon_core.environment:checking '/root/CameraRecord/ASV_AI/ASV_AI/asv_ai_workspace/install/camera_controller/bin'
[10.418s] Level 1:colcon.colcon_core.environment:checking '/root/CameraRecord/ASV_AI/ASV_AI/asv_ai_workspace/install/camera_controller/lib/pkgconfig/camera_controller.pc'
[10.420s] Level 1:colcon.colcon_core.environment:checking '/root/CameraRecord/ASV_AI/ASV_AI/asv_ai_workspace/install/camera_controller/lib/python3.10/site-packages'
[10.421s] Level 1:colcon.colcon_core.shell:create_environment_hook('camera_controller', 'pythonpath')
[10.490s] INFO:colcon.colcon_core.shell:Creating environment hook '/root/CameraRecord/ASV_AI/ASV_AI/asv_ai_workspace/install/camera_controller/share/camera_controller/hook/pythonpath.ps1'
[10.492s] INFO:colcon.colcon_core.shell:Creating environment descriptor '/root/CameraRecord/ASV_AI/ASV_AI/asv_ai_workspace/install/camera_controller/share/camera_controller/hook/pythonpath.dsv'
[10.495s] INFO:colcon.colcon_core.shell:Creating environment hook '/root/CameraRecord/ASV_AI/ASV_AI/asv_ai_workspace/install/camera_controller/share/camera_controller/hook/pythonpath.sh'
[10.498s] Level 1:colcon.colcon_core.environment:checking '/root/CameraRecord/ASV_AI/ASV_AI/asv_ai_workspace/install/camera_controller/bin'
[10.498s] Level 1:colcon.colcon_core.environment:create_environment_scripts_only(camera_controller)
[10.563s] INFO:colcon.colcon_core.shell:Creating package script '/root/CameraRecord/ASV_AI/ASV_AI/asv_ai_workspace/install/camera_controller/share/camera_controller/package.ps1'
[10.568s] INFO:colcon.colcon_core.shell:Creating package descriptor '/root/CameraRecord/ASV_AI/ASV_AI/asv_ai_workspace/install/camera_controller/share/camera_controller/package.dsv'
[10.572s] INFO:colcon.colcon_core.shell:Creating package script '/root/CameraRecord/ASV_AI/ASV_AI/asv_ai_workspace/install/camera_controller/share/camera_controller/package.sh'
[10.576s] INFO:colcon.colcon_core.shell:Creating package script '/root/CameraRecord/ASV_AI/ASV_AI/asv_ai_workspace/install/camera_controller/share/camera_controller/package.bash'
[10.580s] INFO:colcon.colcon_core.shell:Creating package script '/root/CameraRecord/ASV_AI/ASV_AI/asv_ai_workspace/install/camera_controller/share/camera_controller/package.zsh'
[10.584s] Level 1:colcon.colcon_core.environment:create_file_with_runtime_dependencies(/root/CameraRecord/ASV_AI/ASV_AI/asv_ai_workspace/install/camera_controller/share/colcon-core/packages/camera_controller)
[10.586s] DEBUG:colcon.colcon_parallel_executor.executor.parallel:closing loop
[10.588s] DEBUG:colcon.colcon_parallel_executor.executor.parallel:loop closed
[10.589s] DEBUG:colcon.colcon_parallel_executor.executor.parallel:run_until_complete finished with '0'
[10.589s] DEBUG:colcon.colcon_core.event_reactor:joining thread
[10.675s] INFO:colcon.colcon_core.plugin_system:Skipping extension 'colcon_notification.desktop_notification.notify_send': Could not find 'notify-send'
[10.676s] INFO:colcon.colcon_core.plugin_system:Skipping extension 'colcon_notification.desktop_notification.terminal_notifier': Not used on non-Darwin systems
[10.676s] INFO:colcon.colcon_core.plugin_system:Skipping extension 'colcon_notification.desktop_notification.win32': Not used on non-Windows systems
[10.676s] INFO:colcon.colcon_notification.desktop_notification:Sending desktop notification using 'notify2'
[10.684s] DEBUG:colcon.colcon_notification.desktop_notification.notify2:Failed to initialize notify2: org.freedesktop.DBus.Error.Spawn.ExecFailed: /usr/bin/dbus-launch terminated abnormally without any error message
[10.686s] DEBUG:colcon.colcon_core.event_reactor:joined thread
[10.748s] INFO:colcon.colcon_core.shell:Creating prefix script '/root/CameraRecord/ASV_AI/ASV_AI/asv_ai_workspace/install/local_setup.ps1'
[10.753s] INFO:colcon.colcon_core.shell:Creating prefix util module '/root/CameraRecord/ASV_AI/ASV_AI/asv_ai_workspace/install/_local_setup_util_ps1.py'
[10.760s] INFO:colcon.colcon_core.shell:Creating prefix chain script '/root/CameraRecord/ASV_AI/ASV_AI/asv_ai_workspace/install/setup.ps1'
[10.813s] INFO:colcon.colcon_core.shell:Creating prefix script '/root/CameraRecord/ASV_AI/ASV_AI/asv_ai_workspace/install/local_setup.sh'
[10.816s] INFO:colcon.colcon_core.shell:Creating prefix util module '/root/CameraRecord/ASV_AI/ASV_AI/asv_ai_workspace/install/_local_setup_util_sh.py'
[10.819s] INFO:colcon.colcon_core.shell:Creating prefix chain script '/root/CameraRecord/ASV_AI/ASV_AI/asv_ai_workspace/install/setup.sh'
[10.872s] INFO:colcon.colcon_core.shell:Creating prefix script '/root/CameraRecord/ASV_AI/ASV_AI/asv_ai_workspace/install/local_setup.bash'
[10.875s] INFO:colcon.colcon_core.shell:Creating prefix chain script '/root/CameraRecord/ASV_AI/ASV_AI/asv_ai_workspace/install/setup.bash'
[10.927s] INFO:colcon.colcon_core.shell:Creating prefix script '/root/CameraRecord/ASV_AI/ASV_AI/asv_ai_workspace/install/local_setup.zsh'
[10.930s] INFO:colcon.colcon_core.shell:Creating prefix chain script '/root/CameraRecord/ASV_AI/ASV_AI/asv_ai_workspace/install/setup.zsh'
