[3.609s] Invoking command in '/root/CameraRecord/ASV_AI/ASV_AI/asv_ai_workspace/src/camera_controller': PYTHONPATH=/root/CameraRecord/ASV_AI/ASV_AI/asv_ai_workspace/build/camera_controller/prefix_override:/root/CameraRecord/ASV_AI/ASV_AI/asv_ai_workspace/install/camera_controller/lib/python3.10/site-packages:${PYTHONPATH} /usr/bin/python3 setup.py egg_info --egg-base ../../build/camera_controller build --build-base /root/CameraRecord/ASV_AI/ASV_AI/asv_ai_workspace/build/camera_controller/build install --record /root/CameraRecord/ASV_AI/ASV_AI/asv_ai_workspace/build/camera_controller/install.log --single-version-externally-managed
[4.498s] running egg_info
[4.548s] writing ../../build/camera_controller/camera_controller.egg-info/PKG-INFO
[4.550s] writing dependency_links to ../../build/camera_controller/camera_controller.egg-info/dependency_links.txt
[4.551s] writing entry points to ../../build/camera_controller/camera_controller.egg-info/entry_points.txt
[4.552s] writing requirements to ../../build/camera_controller/camera_controller.egg-info/requires.txt
[4.552s] writing top-level names to ../../build/camera_controller/camera_controller.egg-info/top_level.txt
[4.653s] reading manifest file '../../build/camera_controller/camera_controller.egg-info/SOURCES.txt'
[4.657s] writing manifest file '../../build/camera_controller/camera_controller.egg-info/SOURCES.txt'
[4.660s] running build
[4.660s] running build_py
[4.661s] copying camera_controller/test_tf2.py -> /root/CameraRecord/ASV_AI/ASV_AI/asv_ai_workspace/build/camera_controller/build/lib/camera_controller
[4.662s] copying camera_controller/distance_cells.py -> /root/CameraRecord/ASV_AI/ASV_AI/asv_ai_workspace/build/camera_controller/build/lib/camera_controller
[4.662s] copying camera_controller/camera_node.py -> /root/CameraRecord/ASV_AI/ASV_AI/asv_ai_workspace/build/camera_controller/build/lib/camera_controller
[4.663s] copying camera_controller/globalPoint.py -> /root/CameraRecord/ASV_AI/ASV_AI/asv_ai_workspace/build/camera_controller/build/lib/camera_controller
[4.663s] copying camera_controller/robot_localization.py -> /root/CameraRecord/ASV_AI/ASV_AI/asv_ai_workspace/build/camera_controller/build/lib/camera_controller
[4.664s] copying camera_controller/__init__.py -> /root/CameraRecord/ASV_AI/ASV_AI/asv_ai_workspace/build/camera_controller/build/lib/camera_controller
[4.666s] copying camera_controller/model.py -> /root/CameraRecord/ASV_AI/ASV_AI/asv_ai_workspace/build/camera_controller/build/lib/camera_controller
[4.666s] copying camera_controller/distance_move.py -> /root/CameraRecord/ASV_AI/ASV_AI/asv_ai_workspace/build/camera_controller/build/lib/camera_controller
[4.667s] copying camera_controller/Zed_node.py -> /root/CameraRecord/ASV_AI/ASV_AI/asv_ai_workspace/build/camera_controller/build/lib/camera_controller
[4.669s] running install
[4.670s] /usr/local/lib/python3.10/dist-packages/setuptools/_distutils/cmd.py:66: SetuptoolsDeprecationWarning: setup.py install is deprecated.
[4.671s] !!
[4.671s] 
[4.671s]         ********************************************************************************
[4.672s]         Please avoid running ``setup.py`` directly.
[4.673s]         Instead, use pypa/build, pypa/installer or other
[4.673s]         standards-based tools.
[4.674s] 
[4.674s]         See https://blog.ganssle.io/articles/2021/10/setup-py-deprecated.html for details.
[4.674s]         ********************************************************************************
[4.675s] 
[4.675s] !!
[4.675s]   self.initialize_options()
[4.695s] running install_lib
[4.746s] copying /root/CameraRecord/ASV_AI/ASV_AI/asv_ai_workspace/build/camera_controller/build/lib/camera_controller/model.py -> /root/CameraRecord/ASV_AI/ASV_AI/asv_ai_workspace/install/camera_controller/lib/python3.10/site-packages/camera_controller
[4.750s] byte-compiling /root/CameraRecord/ASV_AI/ASV_AI/asv_ai_workspace/install/camera_controller/lib/python3.10/site-packages/camera_controller/model.py to model.cpython-310.pyc
[4.760s] running install_data
[4.806s] copying resource/camera_controller -> /root/CameraRecord/ASV_AI/ASV_AI/asv_ai_workspace/install/camera_controller/share/ament_index/resource_index/packages
[4.807s] copying package.xml -> /root/CameraRecord/ASV_AI/ASV_AI/asv_ai_workspace/install/camera_controller/share/camera_controller
[4.808s] running install_egg_info
[4.861s] removing '/root/CameraRecord/ASV_AI/ASV_AI/asv_ai_workspace/install/camera_controller/lib/python3.10/site-packages/camera_controller-0.0.0-py3.10.egg-info' (and everything under it)
[4.864s] Copying ../../build/camera_controller/camera_controller.egg-info to /root/CameraRecord/ASV_AI/ASV_AI/asv_ai_workspace/install/camera_controller/lib/python3.10/site-packages/camera_controller-0.0.0-py3.10.egg-info
[4.869s] running install_scripts
[5.357s] Installing Zed_node script to /root/CameraRecord/ASV_AI/ASV_AI/asv_ai_workspace/install/camera_controller/lib/camera_controller
[5.362s] Installing camera_node script to /root/CameraRecord/ASV_AI/ASV_AI/asv_ai_workspace/install/camera_controller/lib/camera_controller
[5.363s] Installing distance_cells script to /root/CameraRecord/ASV_AI/ASV_AI/asv_ai_workspace/install/camera_controller/lib/camera_controller
[5.363s] Installing distance_move script to /root/CameraRecord/ASV_AI/ASV_AI/asv_ai_workspace/install/camera_controller/lib/camera_controller
[5.364s] Installing model script to /root/CameraRecord/ASV_AI/ASV_AI/asv_ai_workspace/install/camera_controller/lib/camera_controller
[5.364s] writing list of installed files to '/root/CameraRecord/ASV_AI/ASV_AI/asv_ai_workspace/build/camera_controller/install.log'
[5.495s] Invoked command in '/root/CameraRecord/ASV_AI/ASV_AI/asv_ai_workspace/src/camera_controller' returned '0': PYTHONPATH=/root/CameraRecord/ASV_AI/ASV_AI/asv_ai_workspace/build/camera_controller/prefix_override:/root/CameraRecord/ASV_AI/ASV_AI/asv_ai_workspace/install/camera_controller/lib/python3.10/site-packages:${PYTHONPATH} /usr/bin/python3 setup.py egg_info --egg-base ../../build/camera_controller build --build-base /root/CameraRecord/ASV_AI/ASV_AI/asv_ai_workspace/build/camera_controller/build install --record /root/CameraRecord/ASV_AI/ASV_AI/asv_ai_workspace/build/camera_controller/install.log --single-version-externally-managed
