[3.892s] DEBUG:colcon:Command line arguments: ['/usr/bin/colcon', 'build']
[3.893s] DEBUG:colcon:Parsed command line arguments: Namespace(log_base=None, log_level=None, verb_name='build', build_base='build', install_base='install', merge_install=False, symlink_install=False, test_result_base=None, continue_on_error=False, executor='parallel', parallel_workers=6, event_handlers=None, ignore_user_meta=False, metas=['./colcon.meta'], base_paths=['.'], packages_ignore=None, packages_ignore_regex=None, paths=None, packages_up_to=None, packages_up_to_regex=None, packages_above=None, packages_above_and_dependencies=None, packages_above_depth=None, packages_select_by_dep=None, packages_skip_by_dep=None, packages_skip_up_to=None, packages_select_build_failed=False, packages_skip_build_finished=False, packages_select_test_failures=False, packages_skip_test_passed=False, packages_select=None, packages_skip=None, packages_select_regex=None, packages_skip_regex=None, packages_start=None, packages_end=None, cmake_args=None, cmake_target=None, cmake_target_skip_unavailable=False, cmake_clean_cache=False, cmake_clean_first=False, cmake_force_configure=False, ament_cmake_args=None, catkin_cmake_args=None, catkin_skip_building_tests=False, mixin_files=None, mixin=None, verb_parser=<colcon_mixin.mixin.mixin_argument.MixinArgumentDecorator object at 0x7fb011fd60>, verb_extension=<colcon_core.verb.build.BuildVerb object at 0x7fb011f7f0>, main=<bound method BuildVerb.main of <colcon_core.verb.build.BuildVerb object at 0x7fb011f7f0>>, mixin_verb=('build',))
[4.099s] Level 1:colcon.colcon_core.package_discovery:discover_packages(colcon_meta) check parameters
[4.102s] INFO:colcon.colcon_metadata.package_discovery.colcon_meta:Using configuration from '/root/.colcon/metadata/default/Gazebo.meta'
[4.104s] INFO:colcon.colcon_metadata.package_discovery.colcon_meta:Using configuration from '/root/.colcon/metadata/default/fastrtps.meta'
[4.104s] Level 1:colcon.colcon_core.package_discovery:discover_packages(recursive) check parameters
[4.105s] Level 1:colcon.colcon_core.package_discovery:discover_packages(ignore) check parameters
[4.105s] Level 1:colcon.colcon_core.package_discovery:discover_packages(path) check parameters
[4.105s] Level 1:colcon.colcon_core.package_discovery:discover_packages(colcon_meta) discover
[4.105s] Level 1:colcon.colcon_core.package_discovery:discover_packages(recursive) discover
[4.105s] INFO:colcon.colcon_core.package_discovery:Crawling recursively for packages in '/root/CameraRecord/ASV_AI/ASV_AI/asv_ai_workspace'
[4.106s] Level 1:colcon.colcon_core.package_identification:_identify(.) by extensions ['ignore', 'ignore_ament_install']
[4.106s] Level 1:colcon.colcon_core.package_identification:_identify(.) by extension 'ignore'
[4.107s] Level 1:colcon.colcon_core.package_identification:_identify(.) by extension 'ignore_ament_install'
[4.107s] Level 1:colcon.colcon_core.package_identification:_identify(.) by extensions ['colcon_pkg']
[4.107s] Level 1:colcon.colcon_core.package_identification:_identify(.) by extension 'colcon_pkg'
[4.107s] Level 1:colcon.colcon_core.package_identification:_identify(.) by extensions ['colcon_meta']
[4.107s] Level 1:colcon.colcon_core.package_identification:_identify(.) by extension 'colcon_meta'
[4.108s] Level 1:colcon.colcon_core.package_identification:_identify(.) by extensions ['ros']
[4.108s] Level 1:colcon.colcon_core.package_identification:_identify(.) by extension 'ros'
[4.176s] Level 1:colcon.colcon_core.package_identification:_identify(.) by extensions ['cmake', 'python']
[4.177s] Level 1:colcon.colcon_core.package_identification:_identify(.) by extension 'cmake'
[4.177s] Level 1:colcon.colcon_core.package_identification:_identify(.) by extension 'python'
[4.177s] Level 1:colcon.colcon_core.package_identification:_identify(.) by extensions ['python_setup_py']
[4.177s] Level 1:colcon.colcon_core.package_identification:_identify(.) by extension 'python_setup_py'
[4.178s] Level 1:colcon.colcon_core.package_identification:_identify(build) by extensions ['ignore', 'ignore_ament_install']
[4.178s] Level 1:colcon.colcon_core.package_identification:_identify(build) by extension 'ignore'
[4.179s] Level 1:colcon.colcon_core.package_identification:_identify(build) ignored
[4.179s] Level 1:colcon.colcon_core.package_identification:_identify(install) by extensions ['ignore', 'ignore_ament_install']
[4.180s] Level 1:colcon.colcon_core.package_identification:_identify(install) by extension 'ignore'
[4.180s] Level 1:colcon.colcon_core.package_identification:_identify(install) ignored
[4.181s] Level 1:colcon.colcon_core.package_identification:_identify(log) by extensions ['ignore', 'ignore_ament_install']
[4.181s] Level 1:colcon.colcon_core.package_identification:_identify(log) by extension 'ignore'
[4.181s] Level 1:colcon.colcon_core.package_identification:_identify(log) ignored
[4.182s] Level 1:colcon.colcon_core.package_identification:_identify(src) by extensions ['ignore', 'ignore_ament_install']
[4.182s] Level 1:colcon.colcon_core.package_identification:_identify(src) by extension 'ignore'
[4.182s] Level 1:colcon.colcon_core.package_identification:_identify(src) by extension 'ignore_ament_install'
[4.183s] Level 1:colcon.colcon_core.package_identification:_identify(src) by extensions ['colcon_pkg']
[4.183s] Level 1:colcon.colcon_core.package_identification:_identify(src) by extension 'colcon_pkg'
[4.183s] Level 1:colcon.colcon_core.package_identification:_identify(src) by extensions ['colcon_meta']
[4.183s] Level 1:colcon.colcon_core.package_identification:_identify(src) by extension 'colcon_meta'
[4.183s] Level 1:colcon.colcon_core.package_identification:_identify(src) by extensions ['ros']
[4.184s] Level 1:colcon.colcon_core.package_identification:_identify(src) by extension 'ros'
[4.184s] Level 1:colcon.colcon_core.package_identification:_identify(src) by extensions ['cmake', 'python']
[4.184s] Level 1:colcon.colcon_core.package_identification:_identify(src) by extension 'cmake'
[4.185s] Level 1:colcon.colcon_core.package_identification:_identify(src) by extension 'python'
[4.185s] Level 1:colcon.colcon_core.package_identification:_identify(src) by extensions ['python_setup_py']
[4.185s] Level 1:colcon.colcon_core.package_identification:_identify(src) by extension 'python_setup_py'
[4.185s] Level 1:colcon.colcon_core.package_identification:_identify(src/camera_controller) by extensions ['ignore', 'ignore_ament_install']
[4.186s] Level 1:colcon.colcon_core.package_identification:_identify(src/camera_controller) by extension 'ignore'
[4.186s] Level 1:colcon.colcon_core.package_identification:_identify(src/camera_controller) by extension 'ignore_ament_install'
[4.186s] Level 1:colcon.colcon_core.package_identification:_identify(src/camera_controller) by extensions ['colcon_pkg']
[4.186s] Level 1:colcon.colcon_core.package_identification:_identify(src/camera_controller) by extension 'colcon_pkg'
[4.187s] Level 1:colcon.colcon_core.package_identification:_identify(src/camera_controller) by extensions ['colcon_meta']
[4.187s] Level 1:colcon.colcon_core.package_identification:_identify(src/camera_controller) by extension 'colcon_meta'
[4.187s] Level 1:colcon.colcon_core.package_identification:_identify(src/camera_controller) by extensions ['ros']
[4.187s] Level 1:colcon.colcon_core.package_identification:_identify(src/camera_controller) by extension 'ros'
[4.198s] DEBUG:colcon.colcon_core.package_identification:Package 'src/camera_controller' with type 'ros.ament_python' and name 'camera_controller'
[4.199s] Level 1:colcon.colcon_core.package_discovery:discover_packages(recursive) using defaults
[4.199s] Level 1:colcon.colcon_core.package_discovery:discover_packages(ignore) discover
[4.199s] Level 1:colcon.colcon_core.package_discovery:discover_packages(ignore) using defaults
[4.199s] Level 1:colcon.colcon_core.package_discovery:discover_packages(path) discover
[4.199s] Level 1:colcon.colcon_core.package_discovery:discover_packages(path) using defaults
[4.461s] Level 5:colcon.colcon_core.verb:set package 'camera_controller' build argument 'cmake_args' from command line to 'None'
[4.462s] Level 5:colcon.colcon_core.verb:set package 'camera_controller' build argument 'cmake_target' from command line to 'None'
[4.462s] Level 5:colcon.colcon_core.verb:set package 'camera_controller' build argument 'cmake_target_skip_unavailable' from command line to 'False'
[4.462s] Level 5:colcon.colcon_core.verb:set package 'camera_controller' build argument 'cmake_clean_cache' from command line to 'False'
[4.462s] Level 5:colcon.colcon_core.verb:set package 'camera_controller' build argument 'cmake_clean_first' from command line to 'False'
[4.463s] Level 5:colcon.colcon_core.verb:set package 'camera_controller' build argument 'cmake_force_configure' from command line to 'False'
[4.463s] Level 5:colcon.colcon_core.verb:set package 'camera_controller' build argument 'ament_cmake_args' from command line to 'None'
[4.463s] Level 5:colcon.colcon_core.verb:set package 'camera_controller' build argument 'catkin_cmake_args' from command line to 'None'
[4.463s] Level 5:colcon.colcon_core.verb:set package 'camera_controller' build argument 'catkin_skip_building_tests' from command line to 'False'
[4.463s] DEBUG:colcon.colcon_core.verb:Building package 'camera_controller' with the following arguments: {'ament_cmake_args': None, 'build_base': '/root/CameraRecord/ASV_AI/ASV_AI/asv_ai_workspace/build/camera_controller', 'catkin_cmake_args': None, 'catkin_skip_building_tests': False, 'cmake_args': None, 'cmake_clean_cache': False, 'cmake_clean_first': False, 'cmake_force_configure': False, 'cmake_target': None, 'cmake_target_skip_unavailable': False, 'install_base': '/root/CameraRecord/ASV_AI/ASV_AI/asv_ai_workspace/install/camera_controller', 'merge_install': False, 'path': '/root/CameraRecord/ASV_AI/ASV_AI/asv_ai_workspace/src/camera_controller', 'symlink_install': False, 'test_result_base': None}
[4.508s] INFO:colcon.colcon_core.executor:Executing jobs using 'parallel' executor
[4.560s] DEBUG:colcon.colcon_parallel_executor.executor.parallel:run_until_complete
[4.561s] INFO:colcon.colcon_ros.task.ament_python.build:Building ROS package in '/root/CameraRecord/ASV_AI/ASV_AI/asv_ai_workspace/src/camera_controller' with build type 'ament_python'
[4.562s] Level 1:colcon.colcon_core.shell:create_environment_hook('camera_controller', 'ament_prefix_path')
[4.621s] INFO:colcon.colcon_core.plugin_system:Skipping extension 'colcon_core.shell.bat': Not used on non-Windows systems
[4.622s] INFO:colcon.colcon_core.shell:Creating environment hook '/root/CameraRecord/ASV_AI/ASV_AI/asv_ai_workspace/install/camera_controller/share/camera_controller/hook/ament_prefix_path.ps1'
[4.624s] INFO:colcon.colcon_core.shell:Creating environment descriptor '/root/CameraRecord/ASV_AI/ASV_AI/asv_ai_workspace/install/camera_controller/share/camera_controller/hook/ament_prefix_path.dsv'
[4.626s] INFO:colcon.colcon_core.shell:Creating environment hook '/root/CameraRecord/ASV_AI/ASV_AI/asv_ai_workspace/install/camera_controller/share/camera_controller/hook/ament_prefix_path.sh'
[4.676s] INFO:colcon.colcon_core.shell:Skip shell extension 'powershell' for command environment: Not usable outside of PowerShell
[4.676s] DEBUG:colcon.colcon_core.shell:Skip shell extension 'dsv' for command environment
[5.681s] INFO:colcon.colcon_core.task.python.build:Building Python package in '/root/CameraRecord/ASV_AI/ASV_AI/asv_ai_workspace/src/camera_controller'
[5.745s] INFO:colcon.colcon_core.shell:Skip shell extension 'powershell' for command environment: Not usable outside of PowerShell
[5.745s] DEBUG:colcon.colcon_core.shell:Skip shell extension 'dsv' for command environment
[7.846s] DEBUG:colcon.colcon_core.event_handler.log_command:Invoking command in '/root/CameraRecord/ASV_AI/ASV_AI/asv_ai_workspace/src/camera_controller': PYTHONPATH=/root/CameraRecord/ASV_AI/ASV_AI/asv_ai_workspace/build/camera_controller/prefix_override:/root/CameraRecord/ASV_AI/ASV_AI/asv_ai_workspace/install/camera_controller/lib/python3.10/site-packages:${PYTHONPATH} /usr/bin/python3 setup.py egg_info --egg-base ../../build/camera_controller build --build-base /root/CameraRecord/ASV_AI/ASV_AI/asv_ai_workspace/build/camera_controller/build install --record /root/CameraRecord/ASV_AI/ASV_AI/asv_ai_workspace/build/camera_controller/install.log --single-version-externally-managed
[9.657s] DEBUG:colcon.colcon_core.event_handler.log_command:Invoked command in '/root/CameraRecord/ASV_AI/ASV_AI/asv_ai_workspace/src/camera_controller' returned '0': PYTHONPATH=/root/CameraRecord/ASV_AI/ASV_AI/asv_ai_workspace/build/camera_controller/prefix_override:/root/CameraRecord/ASV_AI/ASV_AI/asv_ai_workspace/install/camera_controller/lib/python3.10/site-packages:${PYTHONPATH} /usr/bin/python3 setup.py egg_info --egg-base ../../build/camera_controller build --build-base /root/CameraRecord/ASV_AI/ASV_AI/asv_ai_workspace/build/camera_controller/build install --record /root/CameraRecord/ASV_AI/ASV_AI/asv_ai_workspace/build/camera_controller/install.log --single-version-externally-managed
[9.718s] Level 1:colcon.colcon_core.environment:checking '/root/CameraRecord/ASV_AI/ASV_AI/asv_ai_workspace/install/camera_controller' for CMake module files
[9.721s] Level 1:colcon.colcon_core.environment:checking '/root/CameraRecord/ASV_AI/ASV_AI/asv_ai_workspace/install/camera_controller' for CMake config files
[9.724s] Level 1:colcon.colcon_core.environment:checking '/root/CameraRecord/ASV_AI/ASV_AI/asv_ai_workspace/install/camera_controller/lib'
[9.725s] Level 1:colcon.colcon_core.environment:checking '/root/CameraRecord/ASV_AI/ASV_AI/asv_ai_workspace/install/camera_controller/bin'
[9.726s] Level 1:colcon.colcon_core.environment:checking '/root/CameraRecord/ASV_AI/ASV_AI/asv_ai_workspace/install/camera_controller/lib/pkgconfig/camera_controller.pc'
[9.727s] Level 1:colcon.colcon_core.environment:checking '/root/CameraRecord/ASV_AI/ASV_AI/asv_ai_workspace/install/camera_controller/lib/python3.10/site-packages'
[9.727s] Level 1:colcon.colcon_core.shell:create_environment_hook('camera_controller', 'pythonpath')
[9.775s] INFO:colcon.colcon_core.shell:Creating environment hook '/root/CameraRecord/ASV_AI/ASV_AI/asv_ai_workspace/install/camera_controller/share/camera_controller/hook/pythonpath.ps1'
[9.778s] INFO:colcon.colcon_core.shell:Creating environment descriptor '/root/CameraRecord/ASV_AI/ASV_AI/asv_ai_workspace/install/camera_controller/share/camera_controller/hook/pythonpath.dsv'
[9.779s] INFO:colcon.colcon_core.shell:Creating environment hook '/root/CameraRecord/ASV_AI/ASV_AI/asv_ai_workspace/install/camera_controller/share/camera_controller/hook/pythonpath.sh'
[9.782s] Level 1:colcon.colcon_core.environment:checking '/root/CameraRecord/ASV_AI/ASV_AI/asv_ai_workspace/install/camera_controller/bin'
[9.782s] Level 1:colcon.colcon_core.environment:create_environment_scripts_only(camera_controller)
[9.830s] INFO:colcon.colcon_core.shell:Creating package script '/root/CameraRecord/ASV_AI/ASV_AI/asv_ai_workspace/install/camera_controller/share/camera_controller/package.ps1'
[9.834s] INFO:colcon.colcon_core.shell:Creating package descriptor '/root/CameraRecord/ASV_AI/ASV_AI/asv_ai_workspace/install/camera_controller/share/camera_controller/package.dsv'
[9.837s] INFO:colcon.colcon_core.shell:Creating package script '/root/CameraRecord/ASV_AI/ASV_AI/asv_ai_workspace/install/camera_controller/share/camera_controller/package.sh'
[9.841s] INFO:colcon.colcon_core.shell:Creating package script '/root/CameraRecord/ASV_AI/ASV_AI/asv_ai_workspace/install/camera_controller/share/camera_controller/package.bash'
[9.844s] INFO:colcon.colcon_core.shell:Creating package script '/root/CameraRecord/ASV_AI/ASV_AI/asv_ai_workspace/install/camera_controller/share/camera_controller/package.zsh'
[9.846s] Level 1:colcon.colcon_core.environment:create_file_with_runtime_dependencies(/root/CameraRecord/ASV_AI/ASV_AI/asv_ai_workspace/install/camera_controller/share/colcon-core/packages/camera_controller)
[9.848s] DEBUG:colcon.colcon_parallel_executor.executor.parallel:closing loop
[9.849s] DEBUG:colcon.colcon_parallel_executor.executor.parallel:loop closed
[9.850s] DEBUG:colcon.colcon_parallel_executor.executor.parallel:run_until_complete finished with '0'
[9.851s] DEBUG:colcon.colcon_core.event_reactor:joining thread
[9.948s] INFO:colcon.colcon_core.plugin_system:Skipping extension 'colcon_notification.desktop_notification.notify_send': Could not find 'notify-send'
[9.949s] INFO:colcon.colcon_core.plugin_system:Skipping extension 'colcon_notification.desktop_notification.terminal_notifier': Not used on non-Darwin systems
[9.950s] INFO:colcon.colcon_core.plugin_system:Skipping extension 'colcon_notification.desktop_notification.win32': Not used on non-Windows systems
[9.950s] INFO:colcon.colcon_notification.desktop_notification:Sending desktop notification using 'notify2'
[9.957s] DEBUG:colcon.colcon_notification.desktop_notification.notify2:Failed to initialize notify2: org.freedesktop.DBus.Error.Spawn.ExecFailed: /usr/bin/dbus-launch terminated abnormally without any error message
[9.959s] DEBUG:colcon.colcon_core.event_reactor:joined thread
[10.015s] INFO:colcon.colcon_core.shell:Creating prefix script '/root/CameraRecord/ASV_AI/ASV_AI/asv_ai_workspace/install/local_setup.ps1'
[10.020s] INFO:colcon.colcon_core.shell:Creating prefix util module '/root/CameraRecord/ASV_AI/ASV_AI/asv_ai_workspace/install/_local_setup_util_ps1.py'
[10.026s] INFO:colcon.colcon_core.shell:Creating prefix chain script '/root/CameraRecord/ASV_AI/ASV_AI/asv_ai_workspace/install/setup.ps1'
[10.074s] INFO:colcon.colcon_core.shell:Creating prefix script '/root/CameraRecord/ASV_AI/ASV_AI/asv_ai_workspace/install/local_setup.sh'
[10.076s] INFO:colcon.colcon_core.shell:Creating prefix util module '/root/CameraRecord/ASV_AI/ASV_AI/asv_ai_workspace/install/_local_setup_util_sh.py'
[10.079s] INFO:colcon.colcon_core.shell:Creating prefix chain script '/root/CameraRecord/ASV_AI/ASV_AI/asv_ai_workspace/install/setup.sh'
[10.127s] INFO:colcon.colcon_core.shell:Creating prefix script '/root/CameraRecord/ASV_AI/ASV_AI/asv_ai_workspace/install/local_setup.bash'
[10.130s] INFO:colcon.colcon_core.shell:Creating prefix chain script '/root/CameraRecord/ASV_AI/ASV_AI/asv_ai_workspace/install/setup.bash'
[10.176s] INFO:colcon.colcon_core.shell:Creating prefix script '/root/CameraRecord/ASV_AI/ASV_AI/asv_ai_workspace/install/local_setup.zsh'
[10.178s] INFO:colcon.colcon_core.shell:Creating prefix chain script '/root/CameraRecord/ASV_AI/ASV_AI/asv_ai_workspace/install/setup.zsh'
