[3.612s] Invoking command in '/root/CameraRecord/ASV_AI/ASV_AI/asv_ai_workspace/src/camera_controller': PYTHONPATH=/root/CameraRecord/ASV_AI/ASV_AI/asv_ai_workspace/build/camera_controller/prefix_override:/root/CameraRecord/ASV_AI/ASV_AI/asv_ai_workspace/install/camera_controller/lib/python3.10/site-packages:${PYTHONPATH} /usr/bin/python3 setup.py egg_info --egg-base ../../build/camera_controller build --build-base /root/CameraRecord/ASV_AI/ASV_AI/asv_ai_workspace/build/camera_controller/build install --record /root/CameraRecord/ASV_AI/ASV_AI/asv_ai_workspace/build/camera_controller/install.log --single-version-externally-managed
[4.541s] running egg_info
[4.587s] writing ../../build/camera_controller/camera_controller.egg-info/PKG-INFO
[4.589s] writing dependency_links to ../../build/camera_controller/camera_controller.egg-info/dependency_links.txt
[4.589s] writing entry points to ../../build/camera_controller/camera_controller.egg-info/entry_points.txt
[4.596s] writing requirements to ../../build/camera_controller/camera_controller.egg-info/requires.txt
[4.596s] writing top-level names to ../../build/camera_controller/camera_controller.egg-info/top_level.txt
[4.694s] reading manifest file '../../build/camera_controller/camera_controller.egg-info/SOURCES.txt'
[4.699s] writing manifest file '../../build/camera_controller/camera_controller.egg-info/SOURCES.txt'
[4.704s] running build
[4.709s] running build_py
[4.711s] copying camera_controller/test_tf2.py -> /root/CameraRecord/ASV_AI/ASV_AI/asv_ai_workspace/build/camera_controller/build/lib/camera_controller
[4.713s] copying camera_controller/distance_cells.py -> /root/CameraRecord/ASV_AI/ASV_AI/asv_ai_workspace/build/camera_controller/build/lib/camera_controller
[4.714s] copying camera_controller/camera_node.py -> /root/CameraRecord/ASV_AI/ASV_AI/asv_ai_workspace/build/camera_controller/build/lib/camera_controller
[4.714s] copying camera_controller/globalPoint.py -> /root/CameraRecord/ASV_AI/ASV_AI/asv_ai_workspace/build/camera_controller/build/lib/camera_controller
[4.715s] /usr/local/lib/python3.10/dist-packages/setuptools/_distutils/cmd.py:66: SetuptoolsDeprecationWarning: setup.py install is deprecated.
[4.715s] !!
[4.716s] 
[4.716s]         ********************************************************************************
[4.716s]         Please avoid running ``setup.py`` directly.
[4.716s]         Instead, use pypa/build, pypa/installer or other
[4.717s]         standards-based tools.
[4.718s] 
[4.719s]         See https://blog.ganssle.io/articles/2021/10/setup-py-deprecated.html for details.
[4.720s]         ********************************************************************************
[4.720s] 
[4.721s] !!
[4.721s]   self.initialize_options()
[4.721s] copying camera_controller/robot_localization.py -> /root/CameraRecord/ASV_AI/ASV_AI/asv_ai_workspace/build/camera_controller/build/lib/camera_controller
[4.722s] copying camera_controller/__init__.py -> /root/CameraRecord/ASV_AI/ASV_AI/asv_ai_workspace/build/camera_controller/build/lib/camera_controller
[4.722s] copying camera_controller/model.py -> /root/CameraRecord/ASV_AI/ASV_AI/asv_ai_workspace/build/camera_controller/build/lib/camera_controller
[4.722s] copying camera_controller/distance_move.py -> /root/CameraRecord/ASV_AI/ASV_AI/asv_ai_workspace/build/camera_controller/build/lib/camera_controller
[4.723s] copying camera_controller/Zed_node.py -> /root/CameraRecord/ASV_AI/ASV_AI/asv_ai_workspace/build/camera_controller/build/lib/camera_controller
[4.723s] running install
[4.747s] running install_lib
[4.814s] copying /root/CameraRecord/ASV_AI/ASV_AI/asv_ai_workspace/build/camera_controller/build/lib/camera_controller/model.py -> /root/CameraRecord/ASV_AI/ASV_AI/asv_ai_workspace/install/camera_controller/lib/python3.10/site-packages/camera_controller
[4.819s] byte-compiling /root/CameraRecord/ASV_AI/ASV_AI/asv_ai_workspace/install/camera_controller/lib/python3.10/site-packages/camera_controller/model.py to model.cpython-310.pyc
[4.829s] running install_data
[4.888s] copying resource/camera_controller -> /root/CameraRecord/ASV_AI/ASV_AI/asv_ai_workspace/install/camera_controller/share/ament_index/resource_index/packages
[4.888s] copying package.xml -> /root/CameraRecord/ASV_AI/ASV_AI/asv_ai_workspace/install/camera_controller/share/camera_controller
[4.889s] running install_egg_info
[4.954s] removing '/root/CameraRecord/ASV_AI/ASV_AI/asv_ai_workspace/install/camera_controller/lib/python3.10/site-packages/camera_controller-0.0.0-py3.10.egg-info' (and everything under it)
[4.955s] Copying ../../build/camera_controller/camera_controller.egg-info to /root/CameraRecord/ASV_AI/ASV_AI/asv_ai_workspace/install/camera_controller/lib/python3.10/site-packages/camera_controller-0.0.0-py3.10.egg-info
[4.965s] running install_scripts
[5.525s] Installing Zed_node script to /root/CameraRecord/ASV_AI/ASV_AI/asv_ai_workspace/install/camera_controller/lib/camera_controller
[5.529s] Installing camera_node script to /root/CameraRecord/ASV_AI/ASV_AI/asv_ai_workspace/install/camera_controller/lib/camera_controller
[5.530s] Installing distance_cells script to /root/CameraRecord/ASV_AI/ASV_AI/asv_ai_workspace/install/camera_controller/lib/camera_controller
[5.530s] Installing distance_move script to /root/CameraRecord/ASV_AI/ASV_AI/asv_ai_workspace/install/camera_controller/lib/camera_controller
[5.531s] Installing model script to /root/CameraRecord/ASV_AI/ASV_AI/asv_ai_workspace/install/camera_controller/lib/camera_controller
[5.533s] writing list of installed files to '/root/CameraRecord/ASV_AI/ASV_AI/asv_ai_workspace/build/camera_controller/install.log'
[5.678s] Invoked command in '/root/CameraRecord/ASV_AI/ASV_AI/asv_ai_workspace/src/camera_controller' returned '0': PYTHONPATH=/root/CameraRecord/ASV_AI/ASV_AI/asv_ai_workspace/build/camera_controller/prefix_override:/root/CameraRecord/ASV_AI/ASV_AI/asv_ai_workspace/install/camera_controller/lib/python3.10/site-packages:${PYTHONPATH} /usr/bin/python3 setup.py egg_info --egg-base ../../build/camera_controller build --build-base /root/CameraRecord/ASV_AI/ASV_AI/asv_ai_workspace/build/camera_controller/build install --record /root/CameraRecord/ASV_AI/ASV_AI/asv_ai_workspace/build/camera_controller/install.log --single-version-externally-managed
