[4.101s] DEBUG:colcon:Command line arguments: ['/usr/bin/colcon', 'build']
[4.102s] DEBUG:colcon:Parsed command line arguments: Namespace(log_base=None, log_level=None, verb_name='build', build_base='build', install_base='install', merge_install=False, symlink_install=False, test_result_base=None, continue_on_error=False, executor='parallel', parallel_workers=6, event_handlers=None, ignore_user_meta=False, metas=['./colcon.meta'], base_paths=['.'], packages_ignore=None, packages_ignore_regex=None, paths=None, packages_up_to=None, packages_up_to_regex=None, packages_above=None, packages_above_and_dependencies=None, packages_above_depth=None, packages_select_by_dep=None, packages_skip_by_dep=None, packages_skip_up_to=None, packages_select_build_failed=False, packages_skip_build_finished=False, packages_select_test_failures=False, packages_skip_test_passed=False, packages_select=None, packages_skip=None, packages_select_regex=None, packages_skip_regex=None, packages_start=None, packages_end=None, cmake_args=None, cmake_target=None, cmake_target_skip_unavailable=False, cmake_clean_cache=False, cmake_clean_first=False, cmake_force_configure=False, ament_cmake_args=None, catkin_cmake_args=None, catkin_skip_building_tests=False, mixin_files=None, mixin=None, verb_parser=<colcon_mixin.mixin.mixin_argument.MixinArgumentDecorator object at 0x7f9022fcd0>, verb_extension=<colcon_core.verb.build.BuildVerb object at 0x7f9022f760>, main=<bound method BuildVerb.main of <colcon_core.verb.build.BuildVerb object at 0x7f9022f760>>, mixin_verb=('build',))
[4.325s] Level 1:colcon.colcon_core.package_discovery:discover_packages(colcon_meta) check parameters
[4.328s] INFO:colcon.colcon_metadata.package_discovery.colcon_meta:Using configuration from '/root/.colcon/metadata/default/Gazebo.meta'
[4.330s] INFO:colcon.colcon_metadata.package_discovery.colcon_meta:Using configuration from '/root/.colcon/metadata/default/fastrtps.meta'
[4.331s] Level 1:colcon.colcon_core.package_discovery:discover_packages(recursive) check parameters
[4.331s] Level 1:colcon.colcon_core.package_discovery:discover_packages(ignore) check parameters
[4.331s] Level 1:colcon.colcon_core.package_discovery:discover_packages(path) check parameters
[4.331s] Level 1:colcon.colcon_core.package_discovery:discover_packages(colcon_meta) discover
[4.332s] Level 1:colcon.colcon_core.package_discovery:discover_packages(recursive) discover
[4.332s] INFO:colcon.colcon_core.package_discovery:Crawling recursively for packages in '/root/CameraRecord/ASV_AI/ASV_AI/asv_ai_workspace'
[4.332s] Level 1:colcon.colcon_core.package_identification:_identify(.) by extensions ['ignore', 'ignore_ament_install']
[4.333s] Level 1:colcon.colcon_core.package_identification:_identify(.) by extension 'ignore'
[4.333s] Level 1:colcon.colcon_core.package_identification:_identify(.) by extension 'ignore_ament_install'
[4.333s] Level 1:colcon.colcon_core.package_identification:_identify(.) by extensions ['colcon_pkg']
[4.334s] Level 1:colcon.colcon_core.package_identification:_identify(.) by extension 'colcon_pkg'
[4.334s] Level 1:colcon.colcon_core.package_identification:_identify(.) by extensions ['colcon_meta']
[4.334s] Level 1:colcon.colcon_core.package_identification:_identify(.) by extension 'colcon_meta'
[4.334s] Level 1:colcon.colcon_core.package_identification:_identify(.) by extensions ['ros']
[4.334s] Level 1:colcon.colcon_core.package_identification:_identify(.) by extension 'ros'
[4.406s] Level 1:colcon.colcon_core.package_identification:_identify(.) by extensions ['cmake', 'python']
[4.406s] Level 1:colcon.colcon_core.package_identification:_identify(.) by extension 'cmake'
[4.407s] Level 1:colcon.colcon_core.package_identification:_identify(.) by extension 'python'
[4.407s] Level 1:colcon.colcon_core.package_identification:_identify(.) by extensions ['python_setup_py']
[4.407s] Level 1:colcon.colcon_core.package_identification:_identify(.) by extension 'python_setup_py'
[4.408s] Level 1:colcon.colcon_core.package_identification:_identify(build) by extensions ['ignore', 'ignore_ament_install']
[4.408s] Level 1:colcon.colcon_core.package_identification:_identify(build) by extension 'ignore'
[4.409s] Level 1:colcon.colcon_core.package_identification:_identify(build) ignored
[4.410s] Level 1:colcon.colcon_core.package_identification:_identify(install) by extensions ['ignore', 'ignore_ament_install']
[4.410s] Level 1:colcon.colcon_core.package_identification:_identify(install) by extension 'ignore'
[4.411s] Level 1:colcon.colcon_core.package_identification:_identify(install) ignored
[4.411s] Level 1:colcon.colcon_core.package_identification:_identify(log) by extensions ['ignore', 'ignore_ament_install']
[4.412s] Level 1:colcon.colcon_core.package_identification:_identify(log) by extension 'ignore'
[4.412s] Level 1:colcon.colcon_core.package_identification:_identify(log) ignored
[4.412s] Level 1:colcon.colcon_core.package_identification:_identify(src) by extensions ['ignore', 'ignore_ament_install']
[4.413s] Level 1:colcon.colcon_core.package_identification:_identify(src) by extension 'ignore'
[4.413s] Level 1:colcon.colcon_core.package_identification:_identify(src) by extension 'ignore_ament_install'
[4.414s] Level 1:colcon.colcon_core.package_identification:_identify(src) by extensions ['colcon_pkg']
[4.414s] Level 1:colcon.colcon_core.package_identification:_identify(src) by extension 'colcon_pkg'
[4.414s] Level 1:colcon.colcon_core.package_identification:_identify(src) by extensions ['colcon_meta']
[4.414s] Level 1:colcon.colcon_core.package_identification:_identify(src) by extension 'colcon_meta'
[4.414s] Level 1:colcon.colcon_core.package_identification:_identify(src) by extensions ['ros']
[4.415s] Level 1:colcon.colcon_core.package_identification:_identify(src) by extension 'ros'
[4.415s] Level 1:colcon.colcon_core.package_identification:_identify(src) by extensions ['cmake', 'python']
[4.415s] Level 1:colcon.colcon_core.package_identification:_identify(src) by extension 'cmake'
[4.416s] Level 1:colcon.colcon_core.package_identification:_identify(src) by extension 'python'
[4.416s] Level 1:colcon.colcon_core.package_identification:_identify(src) by extensions ['python_setup_py']
[4.416s] Level 1:colcon.colcon_core.package_identification:_identify(src) by extension 'python_setup_py'
[4.417s] Level 1:colcon.colcon_core.package_identification:_identify(src/camera_controller) by extensions ['ignore', 'ignore_ament_install']
[4.417s] Level 1:colcon.colcon_core.package_identification:_identify(src/camera_controller) by extension 'ignore'
[4.418s] Level 1:colcon.colcon_core.package_identification:_identify(src/camera_controller) by extension 'ignore_ament_install'
[4.418s] Level 1:colcon.colcon_core.package_identification:_identify(src/camera_controller) by extensions ['colcon_pkg']
[4.418s] Level 1:colcon.colcon_core.package_identification:_identify(src/camera_controller) by extension 'colcon_pkg'
[4.418s] Level 1:colcon.colcon_core.package_identification:_identify(src/camera_controller) by extensions ['colcon_meta']
[4.418s] Level 1:colcon.colcon_core.package_identification:_identify(src/camera_controller) by extension 'colcon_meta'
[4.419s] Level 1:colcon.colcon_core.package_identification:_identify(src/camera_controller) by extensions ['ros']
[4.419s] Level 1:colcon.colcon_core.package_identification:_identify(src/camera_controller) by extension 'ros'
[4.430s] DEBUG:colcon.colcon_core.package_identification:Package 'src/camera_controller' with type 'ros.ament_python' and name 'camera_controller'
[4.431s] Level 1:colcon.colcon_core.package_discovery:discover_packages(recursive) using defaults
[4.431s] Level 1:colcon.colcon_core.package_discovery:discover_packages(ignore) discover
[4.432s] Level 1:colcon.colcon_core.package_discovery:discover_packages(ignore) using defaults
[4.432s] Level 1:colcon.colcon_core.package_discovery:discover_packages(path) discover
[4.432s] Level 1:colcon.colcon_core.package_discovery:discover_packages(path) using defaults
[4.769s] Level 5:colcon.colcon_core.verb:set package 'camera_controller' build argument 'cmake_args' from command line to 'None'
[4.770s] Level 5:colcon.colcon_core.verb:set package 'camera_controller' build argument 'cmake_target' from command line to 'None'
[4.770s] Level 5:colcon.colcon_core.verb:set package 'camera_controller' build argument 'cmake_target_skip_unavailable' from command line to 'False'
[4.770s] Level 5:colcon.colcon_core.verb:set package 'camera_controller' build argument 'cmake_clean_cache' from command line to 'False'
[4.771s] Level 5:colcon.colcon_core.verb:set package 'camera_controller' build argument 'cmake_clean_first' from command line to 'False'
[4.771s] Level 5:colcon.colcon_core.verb:set package 'camera_controller' build argument 'cmake_force_configure' from command line to 'False'
[4.771s] Level 5:colcon.colcon_core.verb:set package 'camera_controller' build argument 'ament_cmake_args' from command line to 'None'
[4.771s] Level 5:colcon.colcon_core.verb:set package 'camera_controller' build argument 'catkin_cmake_args' from command line to 'None'
[4.771s] Level 5:colcon.colcon_core.verb:set package 'camera_controller' build argument 'catkin_skip_building_tests' from command line to 'False'
[4.772s] DEBUG:colcon.colcon_core.verb:Building package 'camera_controller' with the following arguments: {'ament_cmake_args': None, 'build_base': '/root/CameraRecord/ASV_AI/ASV_AI/asv_ai_workspace/build/camera_controller', 'catkin_cmake_args': None, 'catkin_skip_building_tests': False, 'cmake_args': None, 'cmake_clean_cache': False, 'cmake_clean_first': False, 'cmake_force_configure': False, 'cmake_target': None, 'cmake_target_skip_unavailable': False, 'install_base': '/root/CameraRecord/ASV_AI/ASV_AI/asv_ai_workspace/install/camera_controller', 'merge_install': False, 'path': '/root/CameraRecord/ASV_AI/ASV_AI/asv_ai_workspace/src/camera_controller', 'symlink_install': False, 'test_result_base': None}
[4.826s] INFO:colcon.colcon_core.executor:Executing jobs using 'parallel' executor
[4.885s] DEBUG:colcon.colcon_parallel_executor.executor.parallel:run_until_complete
[4.887s] INFO:colcon.colcon_ros.task.ament_python.build:Building ROS package in '/root/CameraRecord/ASV_AI/ASV_AI/asv_ai_workspace/src/camera_controller' with build type 'ament_python'
[4.888s] Level 1:colcon.colcon_core.shell:create_environment_hook('camera_controller', 'ament_prefix_path')
[4.956s] INFO:colcon.colcon_core.plugin_system:Skipping extension 'colcon_core.shell.bat': Not used on non-Windows systems
[4.957s] INFO:colcon.colcon_core.shell:Creating environment hook '/root/CameraRecord/ASV_AI/ASV_AI/asv_ai_workspace/install/camera_controller/share/camera_controller/hook/ament_prefix_path.ps1'
[4.961s] INFO:colcon.colcon_core.shell:Creating environment descriptor '/root/CameraRecord/ASV_AI/ASV_AI/asv_ai_workspace/install/camera_controller/share/camera_controller/hook/ament_prefix_path.dsv'
[4.963s] INFO:colcon.colcon_core.shell:Creating environment hook '/root/CameraRecord/ASV_AI/ASV_AI/asv_ai_workspace/install/camera_controller/share/camera_controller/hook/ament_prefix_path.sh'
[5.026s] INFO:colcon.colcon_core.shell:Skip shell extension 'powershell' for command environment: Not usable outside of PowerShell
[5.026s] DEBUG:colcon.colcon_core.shell:Skip shell extension 'dsv' for command environment
[6.086s] INFO:colcon.colcon_core.task.python.build:Building Python package in '/root/CameraRecord/ASV_AI/ASV_AI/asv_ai_workspace/src/camera_controller'
[6.151s] INFO:colcon.colcon_core.shell:Skip shell extension 'powershell' for command environment: Not usable outside of PowerShell
[6.151s] DEBUG:colcon.colcon_core.shell:Skip shell extension 'dsv' for command environment
[8.325s] DEBUG:colcon.colcon_core.event_handler.log_command:Invoking command in '/root/CameraRecord/ASV_AI/ASV_AI/asv_ai_workspace/src/camera_controller': PYTHONPATH=/root/CameraRecord/ASV_AI/ASV_AI/asv_ai_workspace/build/camera_controller/prefix_override:/root/CameraRecord/ASV_AI/ASV_AI/asv_ai_workspace/install/camera_controller/lib/python3.10/site-packages:${PYTHONPATH} /usr/bin/python3 setup.py egg_info --egg-base ../../build/camera_controller build --build-base /root/CameraRecord/ASV_AI/ASV_AI/asv_ai_workspace/build/camera_controller/build install --record /root/CameraRecord/ASV_AI/ASV_AI/asv_ai_workspace/build/camera_controller/install.log --single-version-externally-managed
[10.274s] DEBUG:colcon.colcon_core.event_handler.log_command:Invoked command in '/root/CameraRecord/ASV_AI/ASV_AI/asv_ai_workspace/src/camera_controller' returned '0': PYTHONPATH=/root/CameraRecord/ASV_AI/ASV_AI/asv_ai_workspace/build/camera_controller/prefix_override:/root/CameraRecord/ASV_AI/ASV_AI/asv_ai_workspace/install/camera_controller/lib/python3.10/site-packages:${PYTHONPATH} /usr/bin/python3 setup.py egg_info --egg-base ../../build/camera_controller build --build-base /root/CameraRecord/ASV_AI/ASV_AI/asv_ai_workspace/build/camera_controller/build install --record /root/CameraRecord/ASV_AI/ASV_AI/asv_ai_workspace/build/camera_controller/install.log --single-version-externally-managed
[10.354s] Level 1:colcon.colcon_core.environment:checking '/root/CameraRecord/ASV_AI/ASV_AI/asv_ai_workspace/install/camera_controller' for CMake module files
[10.357s] Level 1:colcon.colcon_core.environment:checking '/root/CameraRecord/ASV_AI/ASV_AI/asv_ai_workspace/install/camera_controller' for CMake config files
[10.361s] Level 1:colcon.colcon_core.environment:checking '/root/CameraRecord/ASV_AI/ASV_AI/asv_ai_workspace/install/camera_controller/lib'
[10.362s] Level 1:colcon.colcon_core.environment:checking '/root/CameraRecord/ASV_AI/ASV_AI/asv_ai_workspace/install/camera_controller/bin'
[10.363s] Level 1:colcon.colcon_core.environment:checking '/root/CameraRecord/ASV_AI/ASV_AI/asv_ai_workspace/install/camera_controller/lib/pkgconfig/camera_controller.pc'
[10.365s] Level 1:colcon.colcon_core.environment:checking '/root/CameraRecord/ASV_AI/ASV_AI/asv_ai_workspace/install/camera_controller/lib/python3.10/site-packages'
[10.365s] Level 1:colcon.colcon_core.shell:create_environment_hook('camera_controller', 'pythonpath')
[10.418s] INFO:colcon.colcon_core.shell:Creating environment hook '/root/CameraRecord/ASV_AI/ASV_AI/asv_ai_workspace/install/camera_controller/share/camera_controller/hook/pythonpath.ps1'
[10.420s] INFO:colcon.colcon_core.shell:Creating environment descriptor '/root/CameraRecord/ASV_AI/ASV_AI/asv_ai_workspace/install/camera_controller/share/camera_controller/hook/pythonpath.dsv'
[10.423s] INFO:colcon.colcon_core.shell:Creating environment hook '/root/CameraRecord/ASV_AI/ASV_AI/asv_ai_workspace/install/camera_controller/share/camera_controller/hook/pythonpath.sh'
[10.427s] Level 1:colcon.colcon_core.environment:checking '/root/CameraRecord/ASV_AI/ASV_AI/asv_ai_workspace/install/camera_controller/bin'
[10.427s] Level 1:colcon.colcon_core.environment:create_environment_scripts_only(camera_controller)
[10.482s] INFO:colcon.colcon_core.shell:Creating package script '/root/CameraRecord/ASV_AI/ASV_AI/asv_ai_workspace/install/camera_controller/share/camera_controller/package.ps1'
[10.490s] INFO:colcon.colcon_core.shell:Creating package descriptor '/root/CameraRecord/ASV_AI/ASV_AI/asv_ai_workspace/install/camera_controller/share/camera_controller/package.dsv'
[10.493s] INFO:colcon.colcon_core.shell:Creating package script '/root/CameraRecord/ASV_AI/ASV_AI/asv_ai_workspace/install/camera_controller/share/camera_controller/package.sh'
[10.498s] INFO:colcon.colcon_core.shell:Creating package script '/root/CameraRecord/ASV_AI/ASV_AI/asv_ai_workspace/install/camera_controller/share/camera_controller/package.bash'
[10.503s] INFO:colcon.colcon_core.shell:Creating package script '/root/CameraRecord/ASV_AI/ASV_AI/asv_ai_workspace/install/camera_controller/share/camera_controller/package.zsh'
[10.506s] Level 1:colcon.colcon_core.environment:create_file_with_runtime_dependencies(/root/CameraRecord/ASV_AI/ASV_AI/asv_ai_workspace/install/camera_controller/share/colcon-core/packages/camera_controller)
[10.507s] DEBUG:colcon.colcon_parallel_executor.executor.parallel:closing loop
[10.509s] DEBUG:colcon.colcon_parallel_executor.executor.parallel:loop closed
[10.510s] DEBUG:colcon.colcon_parallel_executor.executor.parallel:run_until_complete finished with '0'
[10.510s] DEBUG:colcon.colcon_core.event_reactor:joining thread
[10.590s] INFO:colcon.colcon_core.plugin_system:Skipping extension 'colcon_notification.desktop_notification.notify_send': Could not find 'notify-send'
[10.590s] INFO:colcon.colcon_core.plugin_system:Skipping extension 'colcon_notification.desktop_notification.terminal_notifier': Not used on non-Darwin systems
[10.591s] INFO:colcon.colcon_core.plugin_system:Skipping extension 'colcon_notification.desktop_notification.win32': Not used on non-Windows systems
[10.591s] INFO:colcon.colcon_notification.desktop_notification:Sending desktop notification using 'notify2'
[10.600s] DEBUG:colcon.colcon_notification.desktop_notification.notify2:Failed to initialize notify2: org.freedesktop.DBus.Error.Spawn.ExecFailed: /usr/bin/dbus-launch terminated abnormally without any error message
[10.603s] DEBUG:colcon.colcon_core.event_reactor:joined thread
[10.664s] INFO:colcon.colcon_core.shell:Creating prefix script '/root/CameraRecord/ASV_AI/ASV_AI/asv_ai_workspace/install/local_setup.ps1'
[10.669s] INFO:colcon.colcon_core.shell:Creating prefix util module '/root/CameraRecord/ASV_AI/ASV_AI/asv_ai_workspace/install/_local_setup_util_ps1.py'
[10.675s] INFO:colcon.colcon_core.shell:Creating prefix chain script '/root/CameraRecord/ASV_AI/ASV_AI/asv_ai_workspace/install/setup.ps1'
[10.726s] INFO:colcon.colcon_core.shell:Creating prefix script '/root/CameraRecord/ASV_AI/ASV_AI/asv_ai_workspace/install/local_setup.sh'
[10.731s] INFO:colcon.colcon_core.shell:Creating prefix util module '/root/CameraRecord/ASV_AI/ASV_AI/asv_ai_workspace/install/_local_setup_util_sh.py'
[10.734s] INFO:colcon.colcon_core.shell:Creating prefix chain script '/root/CameraRecord/ASV_AI/ASV_AI/asv_ai_workspace/install/setup.sh'
[10.784s] INFO:colcon.colcon_core.shell:Creating prefix script '/root/CameraRecord/ASV_AI/ASV_AI/asv_ai_workspace/install/local_setup.bash'
[10.787s] INFO:colcon.colcon_core.shell:Creating prefix chain script '/root/CameraRecord/ASV_AI/ASV_AI/asv_ai_workspace/install/setup.bash'
[10.835s] INFO:colcon.colcon_core.shell:Creating prefix script '/root/CameraRecord/ASV_AI/ASV_AI/asv_ai_workspace/install/local_setup.zsh'
[10.839s] INFO:colcon.colcon_core.shell:Creating prefix chain script '/root/CameraRecord/ASV_AI/ASV_AI/asv_ai_workspace/install/setup.zsh'
